# output generated by refactor/cgat_refactor.py --options=tests/option_list.tsv --suffix=.py --suffix=.rst --suffix=.yaml --directories=CGAT,CGATPipelines,scripts,makefiles,doc,tests
# job started at Tue Nov  4 14:37:56 2014 on cgat150.anat.ox.ac.uk -- 947e2aa3-5a10-4f5e-938b-b4a8d5c5d8da
# pid: 74134, system: Linux 2.6.32-431.29.2.el6.x86_64 #1 SMP Sun Jul 27 15:55:46 EDT 2014 x86_64
# dirs                                    : [\'CGAT\', \'CGATPipelines\', \'scripts\', \'makefiles\', \'doc\', \'tests\']
# dry_run                                 : False
# loglevel                                : 1
# random_seed                             : None
# regex_restrict                          : None
# rename_options                          : tests/option_list.tsv
# rename_scripts                          : None
# scriptsdir                              : scripts
# short_help                              : None
# split_prefix                            : None
# stderr                                  : <open file \'<stderr>\', mode \'w\' at 0x2b3923b28270>
# stdin                                   : <open file \'<stdin>\', mode \'r\' at 0x2b3923b28150>
# stdlog                                  : <open file \'<stdout>\', mode \'w\' at 0x2b3923b281e0>
# stdout                                  : <open file \'<stdout>\', mode \'w\' at 0x2b3923b281e0>
# suffixes                                : [\'.py\', \'.rst\', \'.yaml\']
# timeit_file                             : None
# timeit_header                           : None
# timeit_name                             : all
## 2014-11-04 14:37:56,720 INFO option list is unique
## 2014-11-04 14:37:56,720 INFO no overlap between option lists
## 2014-11-04 14:38:05,193 INFO changed: CGATPipelines/PipelinePeakcalling.py : --data(['`\s"=]) to --output-section\1
## 2014-11-04 14:38:05,433 INFO changed: CGATPipelines/pipeline_windows.py : --data(['`\s"=]) to --output-section\1
## 2014-11-04 14:38:05,934 INFO changed: CGATPipelines/pipeline_medip.py : --data(['`\s"=]) to --output-section\1
## 2014-11-04 14:38:06,633 INFO changed: CGATPipelines/PipelineEnrichment.py : --merge(['`\s"=]) to --merge-overlapping\1
## 2014-11-04 14:38:08,852 INFO changed: CGATPipelines/PipelineGeneset.py : --merge(['`\s"=]) to --merge-overlapping\1
## 2014-11-04 14:39:05,282 INFO changed: scripts/bed2annotator.py : --merge(['`\s"=]) to --merge-overlapping\1
## 2014-11-04 14:39:12,224 INFO changed: scripts/csvs2csv.py : --merge(['`\s"=]) to --merge-overlapping\1
## 2014-11-04 14:39:15,345 INFO changed: scripts/fasta2kmercontent.py : --proportion(['`\s"=]) to --output-proportion\1
## 2014-11-04 14:39:16,570 INFO changed: scripts/combine_tables.py : --merge(['`\s"=]) to --merge-overlapping\1
## 2014-11-04 14:39:21,548 INFO changed: scripts/gff2fasta.py : --merge(['`\s"=]) to --merge-overlapping\1
## 2014-11-04 14:39:53,391 INFO changed: doc/recipes/metagenome_contigs_kmers.rst : --proportion(['`\s"=]) to --output-proportion\1
