# output generated by refactor/cgat_refactor.py --options=tests/option_list.tsv --suffix=.py --suffix=.rst --suffix=.yaml --directories=CGAT,CGATPipelines,scripts,makefiles,doc,tests
# job started at Tue Nov  4 13:54:14 2014 on cgat150.anat.ox.ac.uk -- 50a72cfb-f6cd-44f9-b649-d3e0c1a46055
# pid: 70128, system: Linux 2.6.32-431.29.2.el6.x86_64 #1 SMP Sun Jul 27 15:55:46 EDT 2014 x86_64
# dirs                                    : [\'CGAT\', \'CGATPipelines\', \'scripts\', \'makefiles\', \'doc\', \'tests\']
# dry_run                                 : False
# loglevel                                : 1
# random_seed                             : None
# regex_restrict                          : None
# rename_options                          : tests/option_list.tsv
# rename_scripts                          : None
# scriptsdir                              : scripts
# short_help                              : None
# split_prefix                            : None
# stderr                                  : <open file \'<stderr>\', mode \'w\' at 0x2b32b9cfb270>
# stdin                                   : <open file \'<stdin>\', mode \'r\' at 0x2b32b9cfb150>
# stdlog                                  : <open file \'<stdout>\', mode \'w\' at 0x2b32b9cfb1e0>
# stdout                                  : <open file \'<stdout>\', mode \'w\' at 0x2b32b9cfb1e0>
# suffixes                                : [\'.py\', \'.rst\', \'.yaml\']
# timeit_file                             : None
# timeit_header                           : None
# timeit_name                             : all
## 2014-11-04 13:54:14,258 INFO option list is unique
## 2014-11-04 13:54:14,258 INFO no overlap between option lists
## 2014-11-04 13:54:15,037 INFO changed: CGAT/ProfileLibrary.py : --prefix(['`\s"=]) to --column-prefix\1
## 2014-11-04 13:54:15,644 INFO changed: CGAT/Pipeline.py : --output(['`\s"=]) to --output-section\1
## 2014-11-04 13:54:16,282 INFO changed: CGAT/ProfileLibraryCompass.py : --prefix(['`\s"=]) to --column-prefix\1
## 2014-11-04 13:54:18,496 INFO changed: CGAT/WrapperExonerate.py : --output(['`\s"=]) to --output-section\1
## 2014-11-04 13:54:21,586 INFO changed: CGATPipelines/pipeline_rnaseqlncrna.py : --pattern(['`\s"=]) to --pattern-identifier\1
## 2014-11-04 13:54:21,674 INFO changed: CGATPipelines/pipeline_annotations.py : --name(['`\s"=]) to --set-name\1
## 2014-11-04 13:54:22,034 INFO changed: CGATPipelines/pipeline_variants.py : --pattern(['`\s"=]) to --pattern-identifier\1
## 2014-11-04 13:54:22,040 INFO changed: CGATPipelines/pipeline_variants.py : --output(['`\s"=]) to --output-section\1
## 2014-11-04 13:54:22,471 INFO changed: CGATPipelines/PipelinePeakcalling.py : --name(['`\s"=]) to --set-name\1
## 2014-11-04 13:54:22,477 INFO changed: CGATPipelines/PipelinePeakcalling.py : --output(['`\s"=]) to --output-section\1
## 2014-11-04 13:54:22,846 INFO changed: CGATPipelines/pipeline_rnaseqdiffexpression.py : --prefix(['`\s"=]) to --column-prefix\1
## 2014-11-04 13:54:23,073 INFO changed: CGATPipelines/PipelineRnaseq.py : --pattern(['`\s"=]) to --pattern-identifier\1
## 2014-11-04 13:54:23,283 INFO changed: CGATPipelines/pipeline_capseq.py : --name(['`\s"=]) to --set-name\1
## 2014-11-04 13:54:23,844 INFO changed: CGATPipelines/pipeline_benchmark_rnaseqmappers.py : --pattern(['`\s"=]) to --pattern-identifier\1
## 2014-11-04 13:54:24,004 INFO changed: CGATPipelines/pipeline_rnaseq.py : --prefix(['`\s"=]) to --column-prefix\1
## 2014-11-04 13:54:24,242 INFO changed: CGATPipelines/pipeline_quickstart.py : --name(['`\s"=]) to --set-name\1
## 2014-11-04 13:54:24,660 INFO changed: CGATPipelines/pipeline_mapping.py : --prefix(['`\s"=]) to --column-prefix\1
## 2014-11-04 13:54:24,965 INFO changed: CGATPipelines/pipeline_fastqToBigWig.py : --name(['`\s"=]) to --set-name\1
## 2014-11-04 13:54:25,489 INFO changed: CGATPipelines/PipelineChipseq.py : --name(['`\s"=]) to --set-name\1
## 2014-11-04 13:54:25,759 INFO changed: CGATPipelines/PipelineIDR.py : --name(['`\s"=]) to --set-name\1
## 2014-11-04 13:54:25,843 INFO changed: CGATPipelines/PipelineLncRNA.py : --pattern(['`\s"=]) to --pattern-identifier\1
## 2014-11-04 13:54:26,280 INFO changed: CGATPipelines/pipeline_rnaseqtranscripts.py : --prefix(['`\s"=]) to --column-prefix\1
## 2014-11-04 13:54:26,366 INFO changed: CGATPipelines/PipelineGeneset.py : --detail(['`\s"=]) to --gene-detail\1
## 2014-11-04 13:54:26,375 INFO changed: CGATPipelines/PipelineGeneset.py : --name(['`\s"=]) to --set-name\1
## 2014-11-04 13:54:26,379 INFO changed: CGATPipelines/PipelineGeneset.py : --output(['`\s"=]) to --output-section\1
## 2014-11-04 13:55:19,724 INFO changed: scripts/beds2counts.py : --infiles(['`\s"=]) to --bed-file\1
## 2014-11-04 13:55:21,619 INFO changed: scripts/align_transcripts.py : --output(['`\s"=]) to --output-section\1
## 2014-11-04 13:55:21,756 INFO changed: scripts/gtf2gtf.py : --pattern(['`\s"=]) to --pattern-identifier\1
## 2014-11-04 13:55:22,572 INFO changed: scripts/add_random_reads_to_bam.py : --output(['`\s"=]) to --output-section\1
## 2014-11-04 13:55:24,952 INFO changed: scripts/psl2wiggle_stats.py : --prefix(['`\s"=]) to --column-prefix\1
## 2014-11-04 13:55:25,024 INFO changed: scripts/bed2graph.py : --output(['`\s"=]) to --output-section\1
## 2014-11-04 13:55:25,403 INFO changed: scripts/gtf2alleles.py : --output(['`\s"=]) to --output-section\1
## 2014-11-04 13:55:25,903 INFO changed: scripts/transfac2transfac.py : --pattern(['`\s"=]) to --pattern-identifier\1
## 2014-11-04 13:55:26,337 INFO changed: scripts/mali_evaluate.py : --prefix(['`\s"=]) to --column-prefix\1
## 2014-11-04 13:55:26,542 INFO changed: scripts/fastq2fastq.py : --pattern(['`\s"=]) to --pattern-identifier\1
## 2014-11-04 13:55:27,105 INFO changed: scripts/gtf2table.py : --gff-feature(['`\s"=]) to --restrict-feature\1
## 2014-11-04 13:55:27,139 INFO changed: scripts/gtf2table.py : --gff-source(['`\s"=]) to --restrict-source\1
## 2014-11-04 13:55:27,606 INFO changed: scripts/codeml2tsv.py : --prefix(['`\s"=]) to --column-prefix\1
## 2014-11-04 13:55:28,449 INFO changed: scripts/qkill.py : --pattern(['`\s"=]) to --pattern-identifier\1
## 2014-11-04 13:55:28,669 INFO changed: scripts/run_function.py : --output(['`\s"=]) to --output-section\1
## 2014-11-04 13:55:29,094 INFO changed: scripts/codemls2tsv.py : --prefix(['`\s"=]) to --column-prefix\1
## 2014-11-04 13:55:29,424 INFO changed: scripts/split_links.py : --output(['`\s"=]) to --output-section\1
## 2014-11-04 13:55:32,747 INFO changed: scripts/diff_fasta.py : --output(['`\s"=]) to --output-section\1
## 2014-11-04 13:55:33,260 INFO changed: scripts/fastq2solid.py : --pattern(['`\s"=]) to --pattern-identifier\1
## 2014-11-04 13:55:35,235 INFO changed: scripts/analyze_sequences.py : --prefix(['`\s"=]) to --column-prefix\1
## 2014-11-04 13:55:36,479 INFO changed: scripts/snp2maf.py : --pattern(['`\s"=]) to --pattern-identifier\1
## 2014-11-04 13:55:36,793 INFO changed: scripts/gff2bed.py : --name(['`\s"=]) to --set-name\1
## 2014-11-04 13:55:37,032 INFO changed: scripts/analyze_go.py : --prefix(['`\s"=]) to --column-prefix\1
## 2014-11-04 13:55:41,036 INFO changed: scripts/gpipe/assignments2pairs.py : --prefix(['`\s"=]) to --column-prefix\1
## 2014-11-04 13:55:41,487 INFO changed: scripts/optic/analyze_clustering.py : --pattern(['`\s"=]) to --pattern-identifier\1
## 2014-11-04 13:55:41,682 INFO changed: scripts/optic/analyze_genetrees.py : --prefix(['`\s"=]) to --column-prefix\1
## 2014-11-04 13:55:41,753 INFO changed: scripts/optic/evaluate_bootstrap.py : --prefix(['`\s"=]) to --column-prefix\1
## 2014-11-04 13:55:42,213 INFO changed: scripts/optic/evaluate_mali.py : --prefix(['`\s"=]) to --column-prefix\1
## 2014-11-04 13:55:42,305 INFO changed: scripts/optic/analyze_orthology_multiple.py : --prefix(['`\s"=]) to --column-prefix\1
## 2014-11-04 13:55:42,839 INFO changed: scripts/optic/analyze_sites_slr.py : --prefix(['`\s"=]) to --column-prefix\1
## 2014-11-04 13:55:43,278 INFO changed: scripts/optic/analyze_duplications.py : --prefix(['`\s"=]) to --column-prefix\1
## 2014-11-04 13:55:43,750 INFO changed: scripts/optic/analyze_cluster_expansion.py : --pattern(['`\s"=]) to --pattern-identifier\1
## 2014-11-04 13:55:44,636 INFO changed: doc/CGATInstallationCentOS6.rst : --prefix(['`\s"=]) to --column-prefix\1
## 2014-11-04 13:55:45,255 INFO changed: doc/CGATInstallationSL6.rst : --prefix(['`\s"=]) to --column-prefix\1
## 2014-11-04 13:55:45,716 INFO changed: doc/BuildingPipelines.rst : --name(['`\s"=]) to --set-name\1
## 2014-11-04 13:55:45,964 INFO changed: doc/CGATInstallationUbuntu.rst : --prefix(['`\s"=]) to --column-prefix\1
## 2014-11-04 13:56:13,568 INFO changed: tests/gtf2gtf.py/tests.yaml : --pattern(['`\s"=]) to --pattern-identifier\1
## 2014-11-04 13:56:17,096 INFO changed: tests/bed2graph.py/tests.yaml : --output(['`\s"=]) to --output-section\1
## 2014-11-04 13:56:18,892 INFO changed: tests/fastq2fastq.py/tests.yaml : --pattern(['`\s"=]) to --pattern-identifier\1
## 2014-11-04 13:56:26,120 INFO changed: tests/diff_fasta.py/tests.yaml : --output(['`\s"=]) to --output-section\1
## 2014-11-04 13:56:30,690 INFO changed: tests/gff2bed.py/tests.yaml : --name(['`\s"=]) to --set-name\1
## 2014-11-04 13:56:31,972 INFO files_changed=61, files_examined=2228
# job finished in 137 seconds at Tue Nov  4 13:56:31 2014 -- 134.42  2.05  0.00  0.01 -- 50a72cfb-f6cd-44f9-b649-d3e0c1a46055
