# output generated by refactor/cgat_refactor.py --options=tests/option_list.tsv --suffix=.py --suffix=.rst --suffix=.yaml --directories=CGAT,CGATPipelines,scripts,makefiles,doc,tests
# job started at Mon Nov  3 16:56:05 2014 on cgat150.anat.ox.ac.uk -- 321375be-73df-401f-bc48-ee924ebdd5ce
# pid: 35933, system: Linux 2.6.32-431.29.2.el6.x86_64 #1 SMP Sun Jul 27 15:55:46 EDT 2014 x86_64
# dirs                                    : [\'CGAT\', \'CGATPipelines\', \'scripts\', \'makefiles\', \'doc\', \'tests\']
# dry_run                                 : False
# loglevel                                : 1
# random_seed                             : None
# regex_restrict                          : None
# rename_options                          : tests/option_list.tsv
# rename_scripts                          : None
# scriptsdir                              : scripts
# short_help                              : None
# split_prefix                            : None
# stderr                                  : <open file \'<stderr>\', mode \'w\' at 0x2b05a4711270>
# stdin                                   : <open file \'<stdin>\', mode \'r\' at 0x2b05a4711150>
# stdlog                                  : <open file \'<stdout>\', mode \'w\' at 0x2b05a47111e0>
# stdout                                  : <open file \'<stdout>\', mode \'w\' at 0x2b05a47111e0>
# suffixes                                : [\'.py\', \'.rst\', \'.yaml\']
# timeit_file                             : None
# timeit_header                           : None
# timeit_name                             : all
## 2014-11-03 16:56:05,317 INFO option list is unique
## 2014-11-03 16:56:05,318 INFO no overlap between option lists
## 2014-11-03 16:57:14,050 INFO changed: scripts/matrix2stats.py : --headers(['`\s"=]) to --header-names\1
## 2014-11-03 16:57:14,201 INFO changed: scripts/join_tables.py : --missing(['`\s"=]) to --missing-value\1
## 2014-11-03 16:57:14,228 INFO changed: scripts/join_tables.py : --headers(['`\s"=]) to --header-names\1
## 2014-11-03 16:57:14,551 INFO changed: scripts/csvs2csv.py : --missing(['`\s"=]) to --missing-value\1
## 2014-11-03 16:57:14,578 INFO changed: scripts/csvs2csv.py : --headers(['`\s"=]) to --header-names\1
## 2014-11-03 16:57:14,882 INFO changed: scripts/plot_matrix.py : --missing(['`\s"=]) to --missing-value\1
## 2014-11-03 16:57:14,910 INFO changed: scripts/plot_matrix.py : --headers(['`\s"=]) to --header-names\1
## 2014-11-03 16:57:15,480 INFO changed: scripts/r_compare_distributions.py : --header(['`\s"=]) to --header-names\1
## 2014-11-03 16:57:15,699 INFO changed: scripts/data2histogram.py : --missing(['`\s"=]) to --missing-value\1
## 2014-11-03 16:57:15,726 INFO changed: scripts/data2histogram.py : --headers(['`\s"=]) to --header-names\1
## 2014-11-03 16:57:16,168 INFO changed: scripts/bed2bed.py : --remove-inconsistent(['`\s"=]) to --remove-inconsistent-names\1
## 2014-11-03 16:57:16,334 INFO changed: scripts/matrix2matrix.py : --missing(['`\s"=]) to --missing-value\1
## 2014-11-03 16:57:16,363 INFO changed: scripts/matrix2matrix.py : --headers(['`\s"=]) to --header-names\1
## 2014-11-03 16:57:16,662 INFO changed: scripts/go2plot.py : --headers(['`\s"=]) to --header-names\1
## 2014-11-03 16:57:16,726 INFO changed: scripts/radar.py : --type(['`\s"=]) to --sequence-type\1
## 2014-11-03 16:57:17,318 INFO changed: scripts/bam2UniquePairs.py : --report(['`\s"=]) to --output-report\1
## 2014-11-03 16:57:17,401 INFO changed: scripts/genelist_analysis.py : --sample(['`\s"=]) to --method=sample --sample-size\1
## 2014-11-03 16:57:17,824 INFO changed: scripts/fasta2table.py : --type(['`\s"=]) to --sequence-type\1
## 2014-11-03 16:57:18,545 INFO changed: scripts/combine_tables.py : --headers(['`\s"=]) to --header-names\1
## 2014-11-03 16:57:18,660 INFO changed: scripts/chain2stats.py : --identity(['`\s"=]) to --output-identity\1
## 2014-11-03 16:57:18,670 INFO changed: scripts/chain2stats.py : --report(['`\s"=]) to --output-report\1
## 2014-11-03 16:57:18,811 INFO changed: scripts/fastq2summary.py : --change-format(['`\s"=]) to --method=change-format --target-format\1
## 2014-11-03 16:57:19,053 INFO changed: scripts/fastq2solid.py : --change-format(['`\s"=]) to --method=change-format --target-format\1
## 2014-11-03 16:57:19,315 INFO changed: scripts/combine_histograms.py : --missing(['`\s"=]) to --missing-value\1
## 2014-11-03 16:57:19,342 INFO changed: scripts/combine_histograms.py : --headers(['`\s"=]) to --header-names\1
## 2014-11-03 16:57:19,492 INFO changed: scripts/beds2beds.py : --exclusive(['`\s"=]) to --exclusive-overlap\1
## 2014-11-03 16:57:19,745 INFO changed: scripts/psl2psl.py : --header(['`\s"=]) to --header-names\1
## 2014-11-03 16:57:20,541 INFO changed: scripts/r_test.py : --header(['`\s"=]) to --header-names\1
## 2014-11-03 16:57:20,868 INFO changed: scripts/gtf2tsv.py : --full(['`\s"=]) to --attributes-as-columns\1
## 2014-11-03 16:57:21,025 INFO changed: scripts/table2table.py : --headers(['`\s"=]) to --header-names\1
## 2014-11-03 16:57:21,424 INFO changed: scripts/table2graph.py : --headers(['`\s"=]) to --header-names\1
## 2014-11-03 16:57:21,441 INFO changed: scripts/bam2peakshape.py : --normalization(['`\s"=]) to --normalize-transcript\1
## 2014-11-03 16:57:21,659 INFO changed: scripts/split_file.py : --header(['`\s"=]) to --header-names\1
## 2014-11-03 16:57:21,852 INFO changed: scripts/runZinba.py : --per-contig(['`\s"=]) to --aggregate-by=contig\1
## 2014-11-03 16:57:22,892 INFO changed: scripts/set_diff.py : --headers(['`\s"=]) to --header-names\1
## 2014-11-03 16:57:23,185 INFO changed: scripts/gff2fasta.py : --min-length(['`\s"=]) to --min-interval-length\1
## 2014-11-03 16:57:24,370 INFO changed: scripts/gpipe/extract_regions.py : --min-length(['`\s"=]) to --min-interval-length\1
## 2014-11-03 16:57:24,373 INFO changed: scripts/gpipe/extract_regions.py : --type(['`\s"=]) to --sequence-type\1
## 2014-11-03 16:57:25,034 INFO changed: scripts/gpipe/filter_fasta.py : --type(['`\s"=]) to --sequence-type\1
## 2014-11-03 16:57:25,985 INFO changed: scripts/gpipe/setup.py : --include(['`\s"=]) to --include-pattern\1
## 2014-11-03 16:57:26,408 INFO changed: scripts/optic/regions2graph.py : --min-length(['`\s"=]) to --min-interval-length\1
## 2014-11-03 16:57:27,165 INFO changed: scripts/optic/plot_synteny.py : --headers(['`\s"=]) to --header-names\1
## 2014-11-03 16:57:27,432 INFO changed: scripts/optic/plot_duplications.py : --radius(['`\s"=]) to --territory-extension\1
## 2014-11-03 16:57:27,459 INFO changed: scripts/optic/plot_duplications.py : --increment(['`\s"=]) to --flank-increment-size\1
## 2014-11-03 16:57:27,470 INFO changed: scripts/optic/plot_duplications.py : --headers(['`\s"=]) to --header-names\1
## 2014-11-03 16:57:27,542 INFO changed: scripts/optic/compare_projects.py : --report(['`\s"=]) to --output-report\1
## 2014-11-03 16:57:28,033 INFO changed: scripts/optic/regions2gff.py : --min-length(['`\s"=]) to --min-interval-length\1
## 2014-11-03 16:57:28,037 INFO changed: scripts/optic/regions2gff.py : --type(['`\s"=]) to --sequence-type\1
## 2014-11-03 16:57:28,192 INFO changed: scripts/optic/regions2predictions.py : --min-length(['`\s"=]) to --min-interval-length\1
## 2014-11-03 16:57:29,510 INFO changed: doc/CGATUsage.rst : --exclusive(['`\s"=]) to --exclusive-overlap\1
## 2014-11-03 16:57:29,795 INFO changed: doc/cgat.rst : --flank(['`\s"=]) to --flank-size\1
## 2014-11-03 16:57:55,956 INFO changed: doc/recipes/gat.rst : --flank(['`\s"=]) to --flank-size\1
## 2014-11-03 16:57:58,170 INFO changed: tests/gtf2gff.py/tests.yaml : --downstream(['`\s"=]) to --downstream-extension\1
## 2014-11-03 16:57:58,185 INFO changed: tests/gtf2gff.py/tests.yaml : --radius(['`\s"=]) to --territory-extension\1
## 2014-11-03 16:57:58,207 INFO changed: tests/gtf2gff.py/tests.yaml : --merge-promotors(['`\s"=]) to --merge-overlapping-promotors\1
## 2014-11-03 16:57:58,209 INFO changed: tests/gtf2gff.py/tests.yaml : --increment(['`\s"=]) to --flank-increment-size\1
## 2014-11-03 16:57:58,210 INFO changed: tests/gtf2gff.py/tests.yaml : --upstream(['`\s"=]) to --upstream-extension\1
## 2014-11-03 16:57:58,221 INFO changed: tests/gtf2gff.py/tests.yaml : --flank(['`\s"=]) to --flank-size\1
## 2014-11-03 16:57:58,222 INFO changed: tests/gtf2gff.py/tests.yaml : --promotor(['`\s"=]) to --promotor-size\1
## 2014-11-03 16:57:58,796 INFO changed: tests/metaphlan2table.py/tests.yaml : --type(['`\s"=]) to --sequence-type\1
## 2014-11-03 16:57:59,612 INFO changed: tests/bam2stats.py/tests.yaml : --remove-rna(['`\s"=]) to --ignore-masked-reads\1
## 2014-11-03 16:58:00,812 INFO changed: tests/bam2wiggle.py/tests.yaml : --output-filename(['`\s"=]) to --output-filename-pattern\1
## 2014-11-03 16:58:01,860 INFO changed: tests/runGO.py/tests.yaml : --sample(['`\s"=]) to --method=sample --sample-size\1
## 2014-11-03 16:58:03,037 INFO changed: tests/bam2geneprofile.py/tests.yaml : --background-region(['`\s"=]) to --background-region-bin\1
## 2014-11-03 16:58:05,440 INFO changed: tests/fastq2fastq.py/tests.yaml : --pair(['`\s"=]) to --pair-fastq-file\1
## 2014-11-03 16:58:05,444 INFO changed: tests/fastq2fastq.py/tests.yaml : --outfile-pair(['`\s"=]) to --output-filename-pattern\1
## 2014-11-03 16:58:07,570 INFO changed: tests/fastq2table.py/tests.yaml : --change-format(['`\s"=]) to --method=change-format --target-format\1
## 2014-11-03 16:58:09,396 INFO changed: tests/data2histogram.py/tests.yaml : --missing(['`\s"=]) to --missing-value\1
## 2014-11-03 16:58:11,963 INFO changed: tests/fasta2table.py/tests.yaml : --type(['`\s"=]) to --sequence-type\1
## 2014-11-03 16:58:16,290 INFO changed: tests/bed2stats.py/tests.yaml : --per-contig(['`\s"=]) to --aggregate-by=contig\1
## 2014-11-03 16:58:18,657 INFO changed: tests/gff2fasta.py/tests.yaml : --min-length(['`\s"=]) to --min-interval-length\1
## 2014-11-03 16:58:18,929 INFO files_changed=53, files_examined=2228
# job finished in 133 seconds at Mon Nov  3 16:58:18 2014 -- 124.13  4.16  0.00  0.01 -- 321375be-73df-401f-bc48-ee924ebdd5ce
