# output generated by refactor/cgat_refactor.py --options=tests/option_list.tsv --suffix=.py --suffix=.rst --suffix=.yaml --directories=CGAT,CGATPipelines,scripts,makefiles,doc,tests
# job started at Wed Nov  5 09:55:08 2014 on cgat150.anat.ox.ac.uk -- 33a6a493-7fcb-4496-b4f2-ba22646fe703
# pid: 9740, system: Linux 2.6.32-431.29.2.el6.x86_64 #1 SMP Sun Jul 27 15:55:46 EDT 2014 x86_64
# dirs                                    : [\'CGAT\', \'CGATPipelines\', \'scripts\', \'makefiles\', \'doc\', \'tests\']
# dry_run                                 : False
# loglevel                                : 1
# random_seed                             : None
# regex_restrict                          : None
# rename_options                          : tests/option_list.tsv
# rename_scripts                          : None
# scriptsdir                              : scripts
# short_help                              : None
# split_prefix                            : None
# stderr                                  : <open file \'<stderr>\', mode \'w\' at 0x2b2c1da09270>
# stdin                                   : <open file \'<stdin>\', mode \'r\' at 0x2b2c1da09150>
# stdlog                                  : <open file \'<stdout>\', mode \'w\' at 0x2b2c1da091e0>
# stdout                                  : <open file \'<stdout>\', mode \'w\' at 0x2b2c1da091e0>
# suffixes                                : [\'.py\', \'.rst\', \'.yaml\']
# timeit_file                             : None
# timeit_header                           : None
# timeit_name                             : all
## 2014-11-05 09:55:08,347 INFO option list is unique
## 2014-11-05 09:55:08,347 INFO no overlap between option lists
## 2014-11-05 09:57:50,008 INFO files_examined=2228
# job finished in 161 seconds at Wed Nov  5 09:57:50 2014 -- 136.25  1.06  0.01  0.02 -- 33a6a493-7fcb-4496-b4f2-ba22646fe703
