# output generated by refactor/cgat_refactor.py --options=tests/option_list.tsv --suffix=.py --suffix=.rst --suffix=.yaml --directories=CGAT,CGATPipelines,scripts,makefiles,doc,tests
# job started at Tue Nov  4 14:42:05 2014 on cgat150.anat.ox.ac.uk -- 777c1342-9f95-45fd-a3aa-06412b8caad0
# pid: 74231, system: Linux 2.6.32-431.29.2.el6.x86_64 #1 SMP Sun Jul 27 15:55:46 EDT 2014 x86_64
# dirs                                    : [\'CGAT\', \'CGATPipelines\', \'scripts\', \'makefiles\', \'doc\', \'tests\']
# dry_run                                 : False
# loglevel                                : 1
# random_seed                             : None
# regex_restrict                          : None
# rename_options                          : tests/option_list.tsv
# rename_scripts                          : None
# scriptsdir                              : scripts
# short_help                              : None
# split_prefix                            : None
# stderr                                  : <open file \'<stderr>\', mode \'w\' at 0x2ae4cb063270>
# stdin                                   : <open file \'<stdin>\', mode \'r\' at 0x2ae4cb063150>
# stdlog                                  : <open file \'<stdout>\', mode \'w\' at 0x2ae4cb0631e0>
# stdout                                  : <open file \'<stdout>\', mode \'w\' at 0x2ae4cb0631e0>
# suffixes                                : [\'.py\', \'.rst\', \'.yaml\']
# timeit_file                             : None
# timeit_header                           : None
# timeit_name                             : all
## 2014-11-04 14:42:05,080 INFO option list is unique
## 2014-11-04 14:42:05,081 INFO no overlap between option lists
## 2014-11-04 14:44:19,767 INFO changed: tests/fastqs2fastqs.py/tests.yaml : --chop(['`\s"=]) to --chop-identifier\1
## 2014-11-04 14:44:28,556 INFO changed: tests/gff2fasta.py/tests.yaml : --merge(['`\s"=]) to --merge-overlapping\1
## 2014-11-04 14:44:28,810 INFO files_changed=2, files_examined=2228
# job finished in 143 seconds at Tue Nov  4 14:44:28 2014 -- 138.16  4.95  0.00  0.01 -- 777c1342-9f95-45fd-a3aa-06412b8caad0
