# output generated by refactor/cgat_refactor.py --options=tests/option_list.tsv --suffix=.py --suffix=.rst --suffix=.yaml --directories=CGAT,CGATPipelines,scripts,makefiles,doc,tests
# job started at Tue Nov  4 13:17:54 2014 on cgat150.anat.ox.ac.uk -- 82c40c52-3746-4d59-87d5-42c3ad8f3814
# pid: 59307, system: Linux 2.6.32-431.29.2.el6.x86_64 #1 SMP Sun Jul 27 15:55:46 EDT 2014 x86_64
# dirs                                    : [\'CGAT\', \'CGATPipelines\', \'scripts\', \'makefiles\', \'doc\', \'tests\']
# dry_run                                 : False
# loglevel                                : 1
# random_seed                             : None
# regex_restrict                          : None
# rename_options                          : tests/option_list.tsv
# rename_scripts                          : None
# scriptsdir                              : scripts
# short_help                              : None
# split_prefix                            : None
# stderr                                  : <open file \'<stderr>\', mode \'w\' at 0x2b7e891b9270>
# stdin                                   : <open file \'<stdin>\', mode \'r\' at 0x2b7e891b9150>
# stdlog                                  : <open file \'<stdout>\', mode \'w\' at 0x2b7e891b91e0>
# stdout                                  : <open file \'<stdout>\', mode \'w\' at 0x2b7e891b91e0>
# suffixes                                : [\'.py\', \'.rst\', \'.yaml\']
# timeit_file                             : None
# timeit_header                           : None
# timeit_name                             : all
## 2014-11-04 13:17:54,552 INFO option list is unique
## 2014-11-04 13:17:54,552 INFO no overlap between option lists
## 2014-11-04 13:17:57,146 INFO changed: CGAT/Malis.py : --filename-mask-regions(['`\s"=]) to --maskregions-bed-file\1
## 2014-11-04 13:18:02,332 INFO changed: CGATPipelines/pipeline_transcriptome.py : --filename-masks(['`\s"=]) to --maskregions-bed-file\1
## 2014-11-04 13:18:03,212 INFO changed: CGATPipelines/PipelineGO.py : --genes(['`\s"=]) to --genes-tsv-file\1
## 2014-11-04 13:18:03,674 INFO changed: CGATPipelines/pipeline_rnaseq.py : --filename-junctions(['`\s"=]) to --junctions-bed-file\1
## 2014-11-04 13:18:59,565 INFO changed: scripts/gff2table.py : --filename-windows(['`\s"=]) to --windows-bed-file\1
## 2014-11-04 13:19:00,012 INFO changed: scripts/bams2bam.py : --filename-junctions(['`\s"=]) to --junctions-bed-file\1
## 2014-11-04 13:19:00,304 INFO changed: scripts/gff_decorate.py : --filename-windows(['`\s"=]) to --windows-bed-file\1
## 2014-11-04 13:19:00,371 INFO changed: scripts/align_transcripts.py : --master(['`\s"=]) to --master-identifier\1
## 2014-11-04 13:19:01,274 INFO changed: scripts/add_random_reads_to_bam.py : --nreads(['`\s"=]) to --num-reads\1
## 2014-11-04 13:19:01,294 INFO changed: scripts/add_random_reads_to_bam.py : --readlength(['`\s"=]) to --read-length\1
## 2014-11-04 13:19:01,812 INFO changed: scripts/runGO.py : --genes(['`\s"=]) to --genes-tsv-file\1
## 2014-11-04 13:19:03,536 INFO changed: scripts/psl2wiggle_stats.py : --wiggle-files(['`\s"=]) to --wiggle-file\1
## 2014-11-04 13:19:03,913 INFO changed: scripts/map_residues.py : --master(['`\s"=]) to --master-identifier\1
## 2014-11-04 13:19:09,816 INFO changed: scripts/genelist_analysis.py : --genes(['`\s"=]) to --genes-tsv-file\1
## 2014-11-04 13:19:09,942 INFO changed: scripts/gtfs2graph.py : --genes(['`\s"=]) to --genes-tsv-file\1
## 2014-11-04 13:19:10,476 INFO changed: scripts/tree_species2genes.py : --genes(['`\s"=]) to --genes-tsv-file\1
## 2014-11-04 13:19:11,862 INFO changed: scripts/mali2predictions.py : --filename-locations(['`\s"=]) to --locations-tsv-file\1
## 2014-11-04 13:19:11,874 INFO changed: scripts/mali2predictions.py : --master(['`\s"=]) to --master-identifier\1
## 2014-11-04 13:19:12,502 INFO changed: scripts/snp2table.py : --filename-junctions(['`\s"=]) to --junctions-bed-file\1
## 2014-11-04 13:19:15,575 INFO changed: scripts/gff2fasta.py : --filename-masks(['`\s"=]) to --maskregions-bed-file\1
## 2014-11-04 13:19:18,376 INFO changed: scripts/gpipe/predictions2genes.py : --genes(['`\s"=]) to --genes-tsv-file\1
## 2014-11-04 13:19:18,460 INFO changed: scripts/gpipe/exons2genes.py : --genes(['`\s"=]) to --genes-tsv-file\1
## 2014-11-04 13:19:19,463 INFO changed: scripts/optic/analyze_genetrees.py : --filename-locations(['`\s"=]) to --locations-tsv-file\1
## 2014-11-04 13:19:19,669 INFO changed: scripts/optic/prune_multiple_alignment.py : --master(['`\s"=]) to --master-identifier\1
## 2014-11-04 13:19:20,174 INFO changed: scripts/optic/analyze_orthology_multiple.py : --filename-locations(['`\s"=]) to --locations-tsv-file\1
## 2014-11-04 13:19:21,756 INFO changed: scripts/optic/evaluate_trees.py : --genes(['`\s"=]) to --genes-tsv-file\1
## 2014-11-04 13:19:53,632 INFO changed: tests/runGO.py/tests.yaml : --genes(['`\s"=]) to --genes-tsv-file\1
## 2014-11-04 13:20:10,307 INFO changed: tests/gff2fasta.py/tests.yaml : --filename-masks(['`\s"=]) to --maskregions-bed-file\1
## 2014-11-04 13:20:10,580 INFO files_changed=26, files_examined=2228
# job finished in 136 seconds at Tue Nov  4 13:20:10 2014 -- 131.21  3.94  0.00  0.01 -- 82c40c52-3746-4d59-87d5-42c3ad8f3814
