# output generated by refactor/cgat_refactor.py --options=tests/option_list.tsv --suffix=.py --suffix=.rst --suffix=.yaml --directories=CGAT,CGATPipelines,scripts,makefiles,doc,tests
# job started at Fri Oct 31 14:39:25 2014 on cgat150.anat.ox.ac.uk -- 47a41a9c-cdf0-4b20-b791-230d5aa66780
# pid: 28447, system: Linux 2.6.32-431.29.2.el6.x86_64 #1 SMP Sun Jul 27 15:55:46 EDT 2014 x86_64
# dirs                                    : [\'CGAT\', \'CGATPipelines\', \'scripts\', \'makefiles\', \'doc\', \'tests\']
# dry_run                                 : False
# loglevel                                : 1
# random_seed                             : None
# regex_restrict                          : None
# rename_options                          : tests/option_list.tsv
# rename_scripts                          : None
# scriptsdir                              : scripts
# short_help                              : None
# split_prefix                            : None
# stderr                                  : <open file \'<stderr>\', mode \'w\' at 0x2b54d1ca7270>
# stdin                                   : <open file \'<stdin>\', mode \'r\' at 0x2b54d1ca7150>
# stdlog                                  : <open file \'<stdout>\', mode \'w\' at 0x2b54d1ca71e0>
# stdout                                  : <open file \'<stdout>\', mode \'w\' at 0x2b54d1ca71e0>
# suffixes                                : [\'.py\', \'.rst\', \'.yaml\']
# timeit_file                             : None
# timeit_header                           : None
# timeit_name                             : all
## 2014-10-31 14:39:25,299 INFO option list is unique
## 2014-10-31 14:39:27,027 INFO changed: CGAT/Predictor.py : --forward-coordinates(['`\s"=]) to --is-forward-coordinates\1
## 2014-10-31 14:39:27,126 INFO changed: CGAT/WrapperCodeML.py : --filename-tree(['`\s"=]) to --tree-nh-file\1
## 2014-10-31 14:39:27,160 INFO changed: CGAT/WrapperCodeML.py : --filename-map(['`\s"=]) to --map-tsv-file\1
## 2014-10-31 14:39:27,560 INFO changed: CGAT/Pipeline.py : --index(['`\s"=]) to --add-index\1
## 2014-10-31 14:39:27,563 INFO changed: CGAT/Pipeline.py : --force(['`\s"=]) to --force-output\1
## 2014-10-31 14:39:28,042 INFO changed: CGAT/CSV2DB.py : --dialect(['`\s"=]) to --csv-dialect\1
## 2014-10-31 14:39:28,079 INFO changed: CGAT/CSV2DB.py : --index(['`\s"=]) to --add-index\1
## 2014-10-31 14:39:28,086 INFO changed: CGAT/CSV2DB.py : --allow-empty(['`\s"=]) to --allow-empty-file\1
## 2014-10-31 14:39:28,088 INFO changed: CGAT/CSV2DB.py : --lowercase(['`\s"=]) to --lowercase-fields\1
## 2014-10-31 14:39:28,683 INFO changed: CGAT/Malis.py : --minimum-mali-length(['`\s"=]) to --min-mali-length\1
## 2014-10-31 14:39:28,685 INFO changed: CGAT/Malis.py : --filename-components(['`\s"=]) to --components-tsv-file\1
## 2014-10-31 14:39:29,283 INFO changed: CGAT/WrapperSlr.py : --filename-tree(['`\s"=]) to --tree-nh-file\1
## 2014-10-31 14:39:29,363 INFO changed: CGAT/MatrixTools.py : --default(['`\s"=]) to --default-value\1
## 2014-10-31 14:39:29,379 INFO changed: CGAT/MatrixTools.py : --asymmetric(['`\s"=]) to --is-asymmetric\1
## 2014-10-31 14:39:29,852 INFO changed: CGAT/SVGDuplicationsWheel.py : --contig-sizes(['`\s"=]) to --contigs-tsv-file\1
## 2014-10-31 14:39:30,785 INFO changed: CGAT/Experiment.py : --dialect(['`\s"=]) to --csv-dialect\1
## 2014-10-31 14:39:30,828 INFO changed: CGAT/Experiment.py : --force(['`\s"=]) to --force-output\1
## 2014-10-31 14:39:31,151 INFO changed: CGAT/Expression.py : --labels(['`\s"=]) to --plot-labels\1
## 2014-10-31 14:39:31,189 INFO changed: CGAT/Expression.py : --index(['`\s"=]) to --add-index\1
## 2014-10-31 14:39:31,199 INFO changed: CGAT/Expression.py : --allow-empty(['`\s"=]) to --allow-empty-file\1
## 2014-10-31 14:39:31,393 INFO changed: CGAT/SVGTree.py : --filename-tree(['`\s"=]) to --tree-nh-file\1
## 2014-10-31 14:39:33,392 INFO changed: CGATPipelines/pipeline_rnaseqlncrna.py : --renumber-transcripts(['`\s"=]) to --method=renumber-transcripts --pattern\1
## 2014-10-31 14:39:33,404 INFO changed: CGATPipelines/pipeline_rnaseqlncrna.py : --renumber-genes(['`\s"=]) to --method=renumber-genes --pattern\1
## 2014-10-31 14:39:33,407 INFO changed: CGATPipelines/pipeline_rnaseqlncrna.py : --sort(['`\s"=]) to --method=sort --sort-order\1
## 2014-10-31 14:39:33,438 INFO changed: CGATPipelines/pipeline_rnaseqlncrna.py : --index(['`\s"=]) to --add-index\1
## 2014-10-31 14:39:33,493 INFO changed: CGATPipelines/pipeline_annotations.py : --filter(['`\s"=]) to --method=filter --filter-method\1
## 2014-10-31 14:39:33,498 INFO changed: CGATPipelines/pipeline_annotations.py : --merge-transcripts(['`\s"=]) to --method=merge-transcripts\1
## 2014-10-31 14:39:33,505 INFO changed: CGATPipelines/pipeline_annotations.py : --sort(['`\s"=]) to --method=sort --sort-order\1
## 2014-10-31 14:39:33,537 INFO changed: CGATPipelines/pipeline_annotations.py : --join-exons(['`\s"=]) to --method=join-exons\1
## 2014-10-31 14:39:33,540 INFO changed: CGATPipelines/pipeline_annotations.py : --index(['`\s"=]) to --add-index\1
## 2014-10-31 14:39:33,544 INFO changed: CGATPipelines/pipeline_annotations.py : --sanitize(['`\s"=]) to --method=sanitize\1
## 2014-10-31 14:39:33,550 INFO changed: CGATPipelines/pipeline_annotations.py : --allow-empty(['`\s"=]) to --allow-empty-file\1
## 2014-10-31 14:39:33,588 INFO changed: CGATPipelines/pipeline_ancestral_repeats.py : --binary(['`\s"=]) to --is-binary\1
## 2014-10-31 14:39:33,597 INFO changed: CGATPipelines/pipeline_ancestral_repeats.py : --filename-target(['`\s"=]) to --target-psl-file\1
## 2014-10-31 14:39:33,599 INFO changed: CGATPipelines/pipeline_ancestral_repeats.py : --filename-queries(['`\s"=]) to --queries-tsv-file\1
## 2014-10-31 14:39:33,605 INFO changed: CGATPipelines/pipeline_ancestral_repeats.py : --sanitize(['`\s"=]) to --method=sanitize\1
## 2014-10-31 14:39:33,725 INFO changed: CGATPipelines/pipeline_expression.py : --index(['`\s"=]) to --add-index\1
## 2014-10-31 14:39:33,837 INFO changed: CGATPipelines/pipeline_variants.py : --merge-exons(['`\s"=]) to --method=merge-exons\1
## 2014-10-31 14:39:33,840 INFO changed: CGATPipelines/pipeline_variants.py : --remove-duplicates(['`\s"=]) to --method=remove-duplicates --duplicate-feature\1
## 2014-10-31 14:39:33,843 INFO changed: CGATPipelines/pipeline_variants.py : --merge-transcripts(['`\s"=]) to --method=merge-transcripts\1
## 2014-10-31 14:39:33,847 INFO changed: CGATPipelines/pipeline_variants.py : --rename(['`\s"=]) to --method=rename-genes\1
## 2014-10-31 14:39:33,851 INFO changed: CGATPipelines/pipeline_variants.py : --sort(['`\s"=]) to --method=sort --sort-order\1
## 2014-10-31 14:39:33,852 INFO changed: CGATPipelines/pipeline_variants.py : --gtf(['`\s"=]) to --gtf-file\1
## 2014-10-31 14:39:33,853 INFO changed: CGATPipelines/pipeline_variants.py : --add-protein-id(['`\s"=]) to --method=add-protein-id --map-tsv-file\1
## 2014-10-31 14:39:33,854 INFO changed: CGATPipelines/pipeline_variants.py : --apply(['`\s"=]) to --map-tsv-file\1
## 2014-10-31 14:39:33,855 INFO changed: CGATPipelines/pipeline_variants.py : --cds(['`\s"=]) to --cds-gtf-file\1
## 2014-10-31 14:39:33,860 INFO changed: CGATPipelines/pipeline_variants.py : --set-transcript-to-gene(['`\s"=]) to --method=set-transcript-to-gene\1
## 2014-10-31 14:39:33,863 INFO changed: CGATPipelines/pipeline_variants.py : --filename-assignments(['`\s"=]) to --assignments-tsv-file\1
## 2014-10-31 14:39:33,870 INFO changed: CGATPipelines/pipeline_variants.py : --binary(['`\s"=]) to --is-binary\1
## 2014-10-31 14:39:33,875 INFO changed: CGATPipelines/pipeline_variants.py : --filename-exons(['`\s"=]) to --exons-file\1
## 2014-10-31 14:39:33,877 INFO changed: CGATPipelines/pipeline_variants.py : --filename-vcf(['`\s"=]) to --vcf-file\1
## 2014-10-31 14:39:33,878 INFO changed: CGATPipelines/pipeline_variants.py : --qvalue-lambda(['`\s"=]) to --fdr-lambda\1
## 2014-10-31 14:39:33,883 INFO changed: CGATPipelines/pipeline_variants.py : --qvalue-method(['`\s"=]) to --fdr-method\1
## 2014-10-31 14:39:33,890 INFO changed: CGATPipelines/pipeline_variants.py : --filename-seleno(['`\s"=]) to --seleno-tsv-file\1
## 2014-10-31 14:39:33,893 INFO changed: CGATPipelines/pipeline_variants.py : --index(['`\s"=]) to --add-index\1
## 2014-10-31 14:39:33,896 INFO changed: CGATPipelines/pipeline_variants.py : --force(['`\s"=]) to --force-output\1
## 2014-10-31 14:39:33,897 INFO changed: CGATPipelines/pipeline_variants.py : --sanitize(['`\s"=]) to --method=sanitize\1
## 2014-10-31 14:39:33,900 INFO changed: CGATPipelines/pipeline_variants.py : --filename-annotations(['`\s"=]) to --annotations-tsv-file\1
## 2014-10-31 14:39:33,904 INFO changed: CGATPipelines/pipeline_variants.py : --allow-empty(['`\s"=]) to --allow-empty-file\1
## 2014-10-31 14:39:33,957 INFO changed: CGATPipelines/PipelineUCSC.py : --sanitize(['`\s"=]) to --method=sanitize\1
## 2014-10-31 14:39:34,031 INFO changed: CGATPipelines/pipeline_variant_annotation.py : --filename-exons(['`\s"=]) to --exons-file\1
## 2014-10-31 14:39:34,033 INFO changed: CGATPipelines/pipeline_variant_annotation.py : --filename-vcf(['`\s"=]) to --vcf-file\1
## 2014-10-31 14:39:34,041 INFO changed: CGATPipelines/pipeline_variant_annotation.py : --filename-seleno(['`\s"=]) to --seleno-tsv-file\1
## 2014-10-31 14:39:34,044 INFO changed: CGATPipelines/pipeline_variant_annotation.py : --index(['`\s"=]) to --add-index\1
## 2014-10-31 14:39:34,049 INFO changed: CGATPipelines/pipeline_variant_annotation.py : --filename-annotations(['`\s"=]) to --annotations-tsv-file\1
## 2014-10-31 14:39:34,052 INFO changed: CGATPipelines/pipeline_variant_annotation.py : --allow-empty(['`\s"=]) to --allow-empty-file\1
## 2014-10-31 14:39:34,083 INFO changed: CGATPipelines/pipeline_exome.py : --filter(['`\s"=]) to --method=filter --filter-method\1
## 2014-10-31 14:39:34,125 INFO changed: CGATPipelines/pipeline_exome.py : --index(['`\s"=]) to --add-index\1
## 2014-10-31 14:39:34,134 INFO changed: CGATPipelines/pipeline_exome.py : --allow-empty(['`\s"=]) to --allow-empty-file\1
## 2014-10-31 14:39:34,153 INFO changed: CGATPipelines/pipeline_transcriptome.py : --filter(['`\s"=]) to --method=filter --filter-method\1
## 2014-10-31 14:39:34,154 INFO changed: CGATPipelines/pipeline_transcriptome.py : --chunksize(['`\s"=]) to --chunk-size\1
## 2014-10-31 14:39:34,158 INFO changed: CGATPipelines/pipeline_transcriptome.py : --merge-transcripts(['`\s"=]) to --method=merge-transcripts\1
## 2014-10-31 14:39:34,164 INFO changed: CGATPipelines/pipeline_transcriptome.py : --sort(['`\s"=]) to --method=sort --sort-order\1
## 2014-10-31 14:39:34,166 INFO changed: CGATPipelines/pipeline_transcriptome.py : --apply(['`\s"=]) to --map-tsv-file\1
## 2014-10-31 14:39:34,167 INFO changed: CGATPipelines/pipeline_transcriptome.py : --pattern-id(['`\s"=]) to --pattern-identifier\1
## 2014-10-31 14:39:34,170 INFO changed: CGATPipelines/pipeline_transcriptome.py : --output-pattern(['`\s"=]) to --output-filename-pattern\1
## 2014-10-31 14:39:34,175 INFO changed: CGATPipelines/pipeline_transcriptome.py : --write-equivalent(['`\s"=]) to --output-equivalent\1
## 2014-10-31 14:39:34,188 INFO changed: CGATPipelines/pipeline_transcriptome.py : --filename-gff(['`\s"=]) to --gff-file\1
## 2014-10-31 14:39:34,191 INFO changed: CGATPipelines/pipeline_transcriptome.py : --filename-target(['`\s"=]) to --target-psl-file\1
## 2014-10-31 14:39:34,193 INFO changed: CGATPipelines/pipeline_transcriptome.py : --filename-queries(['`\s"=]) to --queries-tsv-file\1
## 2014-10-31 14:39:34,197 INFO changed: CGATPipelines/pipeline_transcriptome.py : --index(['`\s"=]) to --add-index\1
## 2014-10-31 14:39:34,199 INFO changed: CGATPipelines/pipeline_transcriptome.py : --force(['`\s"=]) to --force-output\1
## 2014-10-31 14:39:34,206 INFO changed: CGATPipelines/pipeline_transcriptome.py : --allow-empty(['`\s"=]) to --allow-empty-file\1
## 2014-10-31 14:39:34,245 INFO changed: CGATPipelines/PipelinePeakcalling.py : --srange-max(['`\s"=]) to --spp-srange-max\1
## 2014-10-31 14:39:34,249 INFO changed: CGATPipelines/PipelinePeakcalling.py : --pattern-id(['`\s"=]) to --pattern-identifier\1
## 2014-10-31 14:39:34,252 INFO changed: CGATPipelines/PipelinePeakcalling.py : --srange-min(['`\s"=]) to --spp-srange-min\1
## 2014-10-31 14:39:34,262 INFO changed: CGATPipelines/PipelinePeakcalling.py : --set-sequence(['`\s"=]) to --method=set-sequence\1
## 2014-10-31 14:39:34,267 INFO changed: CGATPipelines/PipelinePeakcalling.py : --improvement(['`\s"=]) to --zinba-improvement\1
## 2014-10-31 14:39:34,286 INFO changed: CGATPipelines/PipelinePeakcalling.py : --index(['`\s"=]) to --add-index\1
## 2014-10-31 14:39:34,288 INFO changed: CGATPipelines/PipelinePeakcalling.py : --z-threshold(['`\s"=]) to --spp-z-threshold\1
## 2014-10-31 14:39:34,297 INFO changed: CGATPipelines/PipelinePeakcalling.py : --allow-empty(['`\s"=]) to --allow-empty-file\1
## 2014-10-31 14:39:34,298 INFO changed: CGATPipelines/PipelinePeakcalling.py : --mappability-dir(['`\s"=]) to --zinba-mappability-dir\1
## 2014-10-31 14:39:34,367 INFO changed: CGATPipelines/pipeline_fusion.py : --index(['`\s"=]) to --add-index\1
## 2014-10-31 14:39:34,410 INFO changed: CGATPipelines/pipeline_rnaseqdiffexpression.py : --intersect-transcripts(['`\s"=]) to --method=intersect-transcripts\1
## 2014-10-31 14:39:34,413 INFO changed: CGATPipelines/pipeline_rnaseqdiffexpression.py : --merge-exons(['`\s"=]) to --method=merge-exons\1
## 2014-10-31 14:39:34,416 INFO changed: CGATPipelines/pipeline_rnaseqdiffexpression.py : --filename-design(['`\s"=]) to --design-tsv-file\1
## 2014-10-31 14:39:34,439 INFO changed: CGATPipelines/pipeline_rnaseqdiffexpression.py : --filename-tags(['`\s"=]) to --tags-tsv-file\1
## 2014-10-31 14:39:34,446 INFO changed: CGATPipelines/pipeline_rnaseqdiffexpression.py : --filename-gff(['`\s"=]) to --gff-file\1
## 2014-10-31 14:39:34,455 INFO changed: CGATPipelines/pipeline_rnaseqdiffexpression.py : --index(['`\s"=]) to --add-index\1
## 2014-10-31 14:39:34,459 INFO changed: CGATPipelines/pipeline_rnaseqdiffexpression.py : --multi-mapping(['`\s"=]) to --multi-mapping-method\1
## 2014-10-31 14:39:34,463 INFO changed: CGATPipelines/pipeline_rnaseqdiffexpression.py : --allow-empty(['`\s"=]) to --allow-empty-file\1
## 2014-10-31 14:39:34,498 INFO changed: CGATPipelines/pipeline_windows.py : --filter(['`\s"=]) to --method=filter --filter-method\1
## 2014-10-31 14:39:34,501 INFO changed: CGATPipelines/pipeline_windows.py : --filename-design(['`\s"=]) to --design-tsv-file\1
## 2014-10-31 14:39:34,511 INFO changed: CGATPipelines/pipeline_windows.py : --pattern-id(['`\s"=]) to --pattern-identifier\1
## 2014-10-31 14:39:34,512 INFO changed: CGATPipelines/pipeline_windows.py : --controlfile(['`\s"=]) to --control-bam-file\1
## 2014-10-31 14:39:34,525 INFO changed: CGATPipelines/pipeline_windows.py : --shift(['`\s"=]) to --shift-size\1
## 2014-10-31 14:39:34,526 INFO changed: CGATPipelines/pipeline_windows.py : --filename-tags(['`\s"=]) to --tags-tsv-file\1
## 2014-10-31 14:39:34,542 INFO changed: CGATPipelines/pipeline_windows.py : --index(['`\s"=]) to --add-index\1
## 2014-10-31 14:39:34,545 INFO changed: CGATPipelines/pipeline_windows.py : --force(['`\s"=]) to --force-output\1
## 2014-10-31 14:39:34,552 INFO changed: CGATPipelines/pipeline_windows.py : --allow-empty(['`\s"=]) to --allow-empty-file\1
## 2014-10-31 14:39:34,638 INFO changed: CGATPipelines/PipelineRnaseq.py : --unset-genes(['`\s"=]) to --method=unset-genes --pattern\1
## 2014-10-31 14:39:34,639 INFO changed: CGATPipelines/PipelineRnaseq.py : --renumber-transcripts(['`\s"=]) to --method=renumber-transcripts --pattern\1
## 2014-10-31 14:39:34,643 INFO changed: CGATPipelines/PipelineRnaseq.py : --merge-exons(['`\s"=]) to --method=merge-exons\1
## 2014-10-31 14:39:34,650 INFO changed: CGATPipelines/PipelineRnaseq.py : --renumber-genes(['`\s"=]) to --method=renumber-genes --pattern\1
## 2014-10-31 14:39:34,681 INFO changed: CGATPipelines/PipelineRnaseq.py : --index(['`\s"=]) to --add-index\1
## 2014-10-31 14:39:34,689 INFO changed: CGATPipelines/PipelineRnaseq.py : --merge-genes(['`\s"=]) to --method=merge-genes\1
## 2014-10-31 14:39:34,730 INFO changed: CGATPipelines/pipeline_polyphen.py : --apply(['`\s"=]) to --map-tsv-file\1
## 2014-10-31 14:39:34,754 INFO changed: CGATPipelines/pipeline_polyphen.py : --index(['`\s"=]) to --add-index\1
## 2014-10-31 14:39:34,874 INFO changed: CGATPipelines/pipeline_capseq.py : --bamfile(['`\s"=]) to --bam-file\1
## 2014-10-31 14:39:34,892 INFO changed: CGATPipelines/pipeline_capseq.py : --shift(['`\s"=]) to --shift-size\1
## 2014-10-31 14:39:34,909 INFO changed: CGATPipelines/pipeline_capseq.py : --index(['`\s"=]) to --add-index\1
## 2014-10-31 14:39:34,912 INFO changed: CGATPipelines/pipeline_capseq.py : --force(['`\s"=]) to --force-output\1
## 2014-10-31 14:39:34,918 INFO changed: CGATPipelines/pipeline_capseq.py : --allow-empty(['`\s"=]) to --allow-empty-file\1
## 2014-10-31 14:39:35,012 INFO changed: CGATPipelines/pipeline_medip.py : --filename-design(['`\s"=]) to --design-tsv-file\1
## 2014-10-31 14:39:35,021 INFO changed: CGATPipelines/pipeline_medip.py : --pattern-id(['`\s"=]) to --pattern-identifier\1
## 2014-10-31 14:39:35,025 INFO changed: CGATPipelines/pipeline_medip.py : --output-pattern(['`\s"=]) to --output-filename-pattern\1
## 2014-10-31 14:39:35,028 INFO changed: CGATPipelines/pipeline_medip.py : --bigwig(['`\s"=]) to --bigwig-file\1
## 2014-10-31 14:39:35,034 INFO changed: CGATPipelines/pipeline_medip.py : --shift(['`\s"=]) to --shift-size\1
## 2014-10-31 14:39:35,035 INFO changed: CGATPipelines/pipeline_medip.py : --filename-tags(['`\s"=]) to --tags-tsv-file\1
## 2014-10-31 14:39:35,051 INFO changed: CGATPipelines/pipeline_medip.py : --index(['`\s"=]) to --add-index\1
## 2014-10-31 14:39:35,053 INFO changed: CGATPipelines/pipeline_medip.py : --force(['`\s"=]) to --force-output\1
## 2014-10-31 14:39:35,084 INFO changed: CGATPipelines/PipelineGO.py : --minimum-counts(['`\s"=]) to --min-counts\1
## 2014-10-31 14:39:35,088 INFO changed: CGATPipelines/PipelineGO.py : --background(['`\s"=]) to --background-tsv-file\1
## 2014-10-31 14:39:35,105 INFO changed: CGATPipelines/PipelineGO.py : --filename-gene2name(['`\s"=]) to --gene2name-map-tsv-file\1
## 2014-10-31 14:39:35,114 INFO changed: CGATPipelines/PipelineGO.py : --qvalue-method(['`\s"=]) to --fdr-method\1
## 2014-10-31 14:39:35,121 INFO changed: CGATPipelines/PipelineGO.py : --index(['`\s"=]) to --add-index\1
## 2014-10-31 14:39:35,128 INFO changed: CGATPipelines/PipelineGO.py : --allow-empty(['`\s"=]) to --allow-empty-file\1
## 2014-10-31 14:39:35,285 INFO changed: CGATPipelines/pipeline_idr.py : --filter(['`\s"=]) to --method=filter --filter-method\1
## 2014-10-31 14:39:35,398 INFO changed: CGATPipelines/pipeline_mapping_benchmark.py : --index(['`\s"=]) to --add-index\1
## 2014-10-31 14:39:35,401 INFO changed: CGATPipelines/pipeline_mapping_benchmark.py : --force(['`\s"=]) to --force-output\1
## 2014-10-31 14:39:35,406 INFO changed: CGATPipelines/pipeline_mapping_benchmark.py : --allow-empty(['`\s"=]) to --allow-empty-file\1
## 2014-10-31 14:39:35,463 INFO changed: CGATPipelines/pipeline_benchmark_rnaseqmappers.py : --merge-exons(['`\s"=]) to --method=merge-exons\1
## 2014-10-31 14:39:35,465 INFO changed: CGATPipelines/pipeline_benchmark_rnaseqmappers.py : --unset-unmapped-mapq(['`\s"=]) to --method=unset-unmapped-mapq\1
## 2014-10-31 14:39:35,468 INFO changed: CGATPipelines/pipeline_benchmark_rnaseqmappers.py : --merge-transcripts(['`\s"=]) to --method=merge-transcripts\1
## 2014-10-31 14:39:35,482 INFO changed: CGATPipelines/pipeline_benchmark_rnaseqmappers.py : --contig-sizes(['`\s"=]) to --contigs-tsv-file\1
## 2014-10-31 14:39:35,492 INFO changed: CGATPipelines/pipeline_benchmark_rnaseqmappers.py : --filename-exons(['`\s"=]) to --exons-file\1
## 2014-10-31 14:39:35,503 INFO changed: CGATPipelines/pipeline_benchmark_rnaseqmappers.py : --filename-gtf(['`\s"=]) to --gtf-file\1
## 2014-10-31 14:39:35,505 INFO changed: CGATPipelines/pipeline_benchmark_rnaseqmappers.py : --index(['`\s"=]) to --add-index\1
## 2014-10-31 14:39:35,507 INFO changed: CGATPipelines/pipeline_benchmark_rnaseqmappers.py : --sam(['`\s"=]) to --sam-file\1
## 2014-10-31 14:39:35,508 INFO changed: CGATPipelines/pipeline_benchmark_rnaseqmappers.py : --force(['`\s"=]) to --force-output\1
## 2014-10-31 14:39:35,515 INFO changed: CGATPipelines/pipeline_benchmark_rnaseqmappers.py : --set-nh(['`\s"=]) to --method=set-nh\1
## 2014-10-31 14:39:35,650 INFO changed: CGATPipelines/pipeline_rnaseq.py : --exons2introns(['`\s"=]) to --method=exons2introns\1
## 2014-10-31 14:39:35,652 INFO changed: CGATPipelines/pipeline_rnaseq.py : --intersect-transcripts(['`\s"=]) to --method=intersect-transcripts\1
## 2014-10-31 14:39:35,656 INFO changed: CGATPipelines/pipeline_rnaseq.py : --merge-exons(['`\s"=]) to --method=merge-exons\1
## 2014-10-31 14:39:35,657 INFO changed: CGATPipelines/pipeline_rnaseq.py : --chunksize(['`\s"=]) to --chunk-size\1
## 2014-10-31 14:39:35,666 INFO changed: CGATPipelines/pipeline_rnaseq.py : --labels(['`\s"=]) to --plot-labels\1
## 2014-10-31 14:39:35,672 INFO changed: CGATPipelines/pipeline_rnaseq.py : --sort(['`\s"=]) to --method=sort --sort-order\1
## 2014-10-31 14:39:35,678 INFO changed: CGATPipelines/pipeline_rnaseq.py : --filename-rna(['`\s"=]) to --mask-bed-file\1
## 2014-10-31 14:39:35,682 INFO changed: CGATPipelines/pipeline_rnaseq.py : --set-transcript-to-gene(['`\s"=]) to --method=set-transcript-to-gene\1
## 2014-10-31 14:39:35,684 INFO changed: CGATPipelines/pipeline_rnaseq.py : --remove-overlapping(['`\s"=]) to --method=remove-overlapping --gff-file\1
## 2014-10-31 14:39:35,700 INFO changed: CGATPipelines/pipeline_rnaseq.py : --filename-exons(['`\s"=]) to --exons-file\1
## 2014-10-31 14:39:35,707 INFO changed: CGATPipelines/pipeline_rnaseq.py : --filename-gff(['`\s"=]) to --gff-file\1
## 2014-10-31 14:39:35,709 INFO changed: CGATPipelines/pipeline_rnaseq.py : --filename-map(['`\s"=]) to --map-tsv-file\1
## 2014-10-31 14:39:35,718 INFO changed: CGATPipelines/pipeline_rnaseq.py : --filename-gtf(['`\s"=]) to --gtf-file\1
## 2014-10-31 14:39:35,720 INFO changed: CGATPipelines/pipeline_rnaseq.py : --index(['`\s"=]) to --add-index\1
## 2014-10-31 14:39:35,724 INFO changed: CGATPipelines/pipeline_rnaseq.py : --force(['`\s"=]) to --force-output\1
## 2014-10-31 14:39:35,731 INFO changed: CGATPipelines/pipeline_rnaseq.py : --filename-transcriptome(['`\s"=]) to --transcripts-gtf-file\1
## 2014-10-31 14:39:35,733 INFO changed: CGATPipelines/pipeline_rnaseq.py : --allow-empty(['`\s"=]) to --allow-empty-file\1
## 2014-10-31 14:39:35,792 INFO changed: CGATPipelines/PipelineEnrichment.py : --regex-id(['`\s"=]) to --regex-identifier\1
## 2014-10-31 14:39:35,797 INFO changed: CGATPipelines/PipelineEnrichment.py : --input-filename-map(['`\s"=]) to --map-tsv-file\1
## 2014-10-31 14:39:35,913 INFO changed: CGATPipelines/pipeline_quickstart.py : --force(['`\s"=]) to --force-output\1
## 2014-10-31 14:39:35,961 INFO changed: CGATPipelines/pipeline_peakcalling.py : --sort(['`\s"=]) to --method=sort --sort-order\1
## 2014-10-31 14:39:35,978 INFO changed: CGATPipelines/pipeline_peakcalling.py : --shift(['`\s"=]) to --shift-size\1
## 2014-10-31 14:39:35,984 INFO changed: CGATPipelines/pipeline_peakcalling.py : --control-file(['`\s"=]) to --control-bam-file\1
## 2014-10-31 14:39:35,996 INFO changed: CGATPipelines/pipeline_peakcalling.py : --index(['`\s"=]) to --add-index\1
## 2014-10-31 14:39:35,999 INFO changed: CGATPipelines/pipeline_peakcalling.py : --force(['`\s"=]) to --force-output\1
## 2014-10-31 14:39:36,005 INFO changed: CGATPipelines/pipeline_peakcalling.py : --allow-empty(['`\s"=]) to --allow-empty-file\1
## 2014-10-31 14:39:36,074 INFO changed: CGATPipelines/pipeline_liftover.py : --sanitize(['`\s"=]) to --method=sanitize\1
## 2014-10-31 14:39:36,094 INFO changed: CGATPipelines/pipeline_chains.py : --chunksize(['`\s"=]) to --chunk-size\1
## 2014-10-31 14:39:36,124 INFO changed: CGATPipelines/pipeline_chains.py : --filename-target(['`\s"=]) to --target-psl-file\1
## 2014-10-31 14:39:36,125 INFO changed: CGATPipelines/pipeline_chains.py : --filename-queries(['`\s"=]) to --queries-tsv-file\1
## 2014-10-31 14:39:36,271 INFO changed: CGATPipelines/pipeline_mapping.py : --exons2introns(['`\s"=]) to --method=exons2introns\1
## 2014-10-31 14:39:36,275 INFO changed: CGATPipelines/pipeline_mapping.py : --merge-exons(['`\s"=]) to --method=merge-exons\1
## 2014-10-31 14:39:36,286 INFO changed: CGATPipelines/pipeline_mapping.py : --sort(['`\s"=]) to --method=sort --sort-order\1
## 2014-10-31 14:39:36,290 INFO changed: CGATPipelines/pipeline_mapping.py : --filename-rna(['`\s"=]) to --mask-bed-file\1
## 2014-10-31 14:39:36,293 INFO changed: CGATPipelines/pipeline_mapping.py : --set-transcript-to-gene(['`\s"=]) to --method=set-transcript-to-gene\1
## 2014-10-31 14:39:36,304 INFO changed: CGATPipelines/pipeline_mapping.py : --filename-fastq(['`\s"=]) to --fastq-file\1
## 2014-10-31 14:39:36,305 INFO changed: CGATPipelines/pipeline_mapping.py : --filename-exons(['`\s"=]) to --exons-file\1
## 2014-10-31 14:39:36,319 INFO changed: CGATPipelines/pipeline_mapping.py : --index(['`\s"=]) to --add-index\1
## 2014-10-31 14:39:36,320 INFO changed: CGATPipelines/pipeline_mapping.py : --base-accuracy(['`\s"=]) to --use-base-accuracy\1
## 2014-10-31 14:39:36,322 INFO changed: CGATPipelines/pipeline_mapping.py : --force(['`\s"=]) to --force-output\1
## 2014-10-31 14:39:36,328 INFO changed: CGATPipelines/pipeline_mapping.py : --input-reads(['`\s"=]) to --num-reads\1
## 2014-10-31 14:39:36,329 INFO changed: CGATPipelines/pipeline_mapping.py : --allow-empty(['`\s"=]) to --allow-empty-file\1
## 2014-10-31 14:39:36,362 INFO changed: CGATPipelines/pipeline_chipseq.py : --sort(['`\s"=]) to --method=sort --sort-order\1
## 2014-10-31 14:39:36,379 INFO changed: CGATPipelines/pipeline_chipseq.py : --shift(['`\s"=]) to --shift-size\1
## 2014-10-31 14:39:36,388 INFO changed: CGATPipelines/pipeline_chipseq.py : --filename-gff(['`\s"=]) to --gff-file\1
## 2014-10-31 14:39:36,398 INFO changed: CGATPipelines/pipeline_chipseq.py : --index(['`\s"=]) to --add-index\1
## 2014-10-31 14:39:36,401 INFO changed: CGATPipelines/pipeline_chipseq.py : --force(['`\s"=]) to --force-output\1
## 2014-10-31 14:39:36,408 INFO changed: CGATPipelines/pipeline_chipseq.py : --allow-empty(['`\s"=]) to --allow-empty-file\1
## 2014-10-31 14:39:36,467 INFO changed: CGATPipelines/pipeline_readqc.py : --index(['`\s"=]) to --add-index\1
## 2014-10-31 14:39:36,542 INFO changed: CGATPipelines/pipeline_genesets.py : --index(['`\s"=]) to --add-index\1
## 2014-10-31 14:39:36,543 INFO changed: CGATPipelines/pipeline_genesets.py : --filename-go(['`\s"=]) to --go-tsv-file\1
## 2014-10-31 14:39:36,544 INFO changed: CGATPipelines/pipeline_genesets.py : --force(['`\s"=]) to --force-output\1
## 2014-10-31 14:39:36,549 INFO changed: CGATPipelines/pipeline_genesets.py : --allow-empty(['`\s"=]) to --allow-empty-file\1
## 2014-10-31 14:39:36,599 INFO changed: CGATPipelines/pipeline_fastqToBigWig.py : --index(['`\s"=]) to --add-index\1
## 2014-10-31 14:39:36,621 INFO changed: CGATPipelines/pipeline_motifs.py : --filter(['`\s"=]) to --method=filter --filter-method\1
## 2014-10-31 14:39:36,660 INFO changed: CGATPipelines/pipeline_motifs.py : --index(['`\s"=]) to --add-index\1
## 2014-10-31 14:39:36,668 INFO changed: CGATPipelines/pipeline_motifs.py : --allow-empty(['`\s"=]) to --allow-empty-file\1
## 2014-10-31 14:39:36,712 INFO changed: CGATPipelines/pipeline_proj020.py : --output-pattern(['`\s"=]) to --output-filename-pattern\1
## 2014-10-31 14:39:36,735 INFO changed: CGATPipelines/pipeline_proj020.py : --index(['`\s"=]) to --add-index\1
## 2014-10-31 14:39:36,803 INFO changed: CGATPipelines/pipeline_intervals.py : --workspace(['`\s"=]) to --workspace-bed-file\1
## 2014-10-31 14:39:36,815 INFO changed: CGATPipelines/pipeline_intervals.py : --sort(['`\s"=]) to --method=sort --sort-order\1
## 2014-10-31 14:39:36,823 INFO changed: CGATPipelines/pipeline_intervals.py : --bed-headers(['`\s"=]) to --output-bed-headers\1
## 2014-10-31 14:39:36,832 INFO changed: CGATPipelines/pipeline_intervals.py : --shift(['`\s"=]) to --shift-size\1
## 2014-10-31 14:39:36,833 INFO changed: CGATPipelines/pipeline_intervals.py : --filename-tags(['`\s"=]) to --tags-tsv-file\1
## 2014-10-31 14:39:36,841 INFO changed: CGATPipelines/pipeline_intervals.py : --filename-gff(['`\s"=]) to --gff-file\1
## 2014-10-31 14:39:36,850 INFO changed: CGATPipelines/pipeline_intervals.py : --index(['`\s"=]) to --add-index\1
## 2014-10-31 14:39:36,853 INFO changed: CGATPipelines/pipeline_intervals.py : --force(['`\s"=]) to --force-output\1
## 2014-10-31 14:39:36,860 INFO changed: CGATPipelines/pipeline_intervals.py : --allow-empty(['`\s"=]) to --allow-empty-file\1
## 2014-10-31 14:39:36,876 INFO changed: CGATPipelines/PipelineMapping.py : --filter(['`\s"=]) to --method=filter --filter-method\1
## 2014-10-31 14:39:36,896 INFO changed: CGATPipelines/PipelineMapping.py : --contig-sizes(['`\s"=]) to --contigs-tsv-file\1
## 2014-10-31 14:39:36,901 INFO changed: CGATPipelines/PipelineMapping.py : --set-sequence(['`\s"=]) to --method=set-sequence\1
## 2014-10-31 14:39:36,906 INFO changed: CGATPipelines/PipelineMapping.py : --strip(['`\s"=]) to --strip-method=all --method=strip-\1
## 2014-10-31 14:39:36,924 INFO changed: CGATPipelines/PipelineMapping.py : --sam(['`\s"=]) to --sam-file\1
## 2014-10-31 14:39:36,932 INFO changed: CGATPipelines/PipelineMapping.py : --set-nh(['`\s"=]) to --method=set-nh\1
## 2014-10-31 14:39:37,026 INFO changed: CGATPipelines/PipelineChipseq.py : --improvement(['`\s"=]) to --zinba-improvement\1
## 2014-10-31 14:39:37,042 INFO changed: CGATPipelines/PipelineChipseq.py : --index(['`\s"=]) to --add-index\1
## 2014-10-31 14:39:37,050 INFO changed: CGATPipelines/PipelineChipseq.py : --allow-empty(['`\s"=]) to --allow-empty-file\1
## 2014-10-31 14:39:37,051 INFO changed: CGATPipelines/PipelineChipseq.py : --mappability-dir(['`\s"=]) to --zinba-mappability-dir\1
## 2014-10-31 14:39:37,068 INFO changed: CGATPipelines/PipelineWindows.py : --filename-design(['`\s"=]) to --design-tsv-file\1
## 2014-10-31 14:39:37,079 INFO changed: CGATPipelines/PipelineWindows.py : --output-pattern(['`\s"=]) to --output-filename-pattern\1
## 2014-10-31 14:39:37,088 INFO changed: CGATPipelines/PipelineWindows.py : --filename-tags(['`\s"=]) to --tags-tsv-file\1
## 2014-10-31 14:39:37,238 INFO changed: CGATPipelines/pipeline_promotors.py : --index(['`\s"=]) to --add-index\1
## 2014-10-31 14:39:37,340 INFO changed: CGATPipelines/PipelineLncRNA.py : --merge-exons(['`\s"=]) to --method=merge-exons\1
## 2014-10-31 14:39:37,341 INFO changed: CGATPipelines/PipelineLncRNA.py : --chunksize(['`\s"=]) to --chunk-size\1
## 2014-10-31 14:39:37,350 INFO changed: CGATPipelines/PipelineLncRNA.py : --renumber-genes(['`\s"=]) to --method=renumber-genes --pattern\1
## 2014-10-31 14:39:37,353 INFO changed: CGATPipelines/PipelineLncRNA.py : --sort(['`\s"=]) to --method=sort --sort-order\1
## 2014-10-31 14:39:37,393 INFO changed: CGATPipelines/PipelineLncRNA.py : --tmpdir(['`\s"=]) to --temp-dir\1
## 2014-10-31 14:39:37,503 INFO changed: CGATPipelines/PipelineMotifs.py : --index(['`\s"=]) to --add-index\1
## 2014-10-31 14:39:37,511 INFO changed: CGATPipelines/PipelineMotifs.py : --allow-empty(['`\s"=]) to --allow-empty-file\1
## 2014-10-31 14:39:37,549 INFO changed: CGATPipelines/pipeline_exome_cancer.py : --set-sequence(['`\s"=]) to --method=set-sequence\1
## 2014-10-31 14:39:37,569 INFO changed: CGATPipelines/pipeline_exome_cancer.py : --index(['`\s"=]) to --add-index\1
## 2014-10-31 14:39:37,572 INFO changed: CGATPipelines/pipeline_exome_cancer.py : --sam(['`\s"=]) to --sam-file\1
## 2014-10-31 14:39:37,579 INFO changed: CGATPipelines/pipeline_exome_cancer.py : --allow-empty(['`\s"=]) to --allow-empty-file\1
## 2014-10-31 14:39:37,632 INFO changed: CGATPipelines/PipelineDatabase.py : --index(['`\s"=]) to --add-index\1
## 2014-10-31 14:39:37,684 INFO changed: CGATPipelines/PipelineMappingQC.py : --set-sequence(['`\s"=]) to --method=set-sequence\1
## 2014-10-31 14:39:37,700 INFO changed: CGATPipelines/PipelineMappingQC.py : --index(['`\s"=]) to --add-index\1
## 2014-10-31 14:39:37,702 INFO changed: CGATPipelines/PipelineMappingQC.py : --sam(['`\s"=]) to --sam-file\1
## 2014-10-31 14:39:37,703 INFO changed: CGATPipelines/PipelineMappingQC.py : --force(['`\s"=]) to --force-output\1
## 2014-10-31 14:39:37,708 INFO changed: CGATPipelines/PipelineMappingQC.py : --allow-empty(['`\s"=]) to --allow-empty-file\1
## 2014-10-31 14:39:37,747 INFO changed: CGATPipelines/pipeline_rnaseqtranscripts.py : --sort(['`\s"=]) to --method=sort --sort-order\1
## 2014-10-31 14:39:37,756 INFO changed: CGATPipelines/pipeline_rnaseqtranscripts.py : --remove-overlapping(['`\s"=]) to --method=remove-overlapping --gff-file\1
## 2014-10-31 14:39:37,773 INFO changed: CGATPipelines/pipeline_rnaseqtranscripts.py : --filename-gff(['`\s"=]) to --gff-file\1
## 2014-10-31 14:39:37,783 INFO changed: CGATPipelines/pipeline_rnaseqtranscripts.py : --index(['`\s"=]) to --add-index\1
## 2014-10-31 14:39:37,793 INFO changed: CGATPipelines/pipeline_rnaseqtranscripts.py : --allow-empty(['`\s"=]) to --allow-empty-file\1
## 2014-10-31 14:39:37,827 INFO changed: CGATPipelines/PipelineGeneset.py : --merge-exons(['`\s"=]) to --method=merge-exons\1
## 2014-10-31 14:39:37,828 INFO changed: CGATPipelines/PipelineGeneset.py : --filter(['`\s"=]) to --method=filter --filter-method\1
## 2014-10-31 14:39:37,828 INFO changed: CGATPipelines/PipelineGeneset.py : --chunksize(['`\s"=]) to --chunk-size\1
## 2014-10-31 14:39:37,830 INFO changed: CGATPipelines/PipelineGeneset.py : --remove-duplicates(['`\s"=]) to --method=remove-duplicates --duplicate-feature\1
## 2014-10-31 14:39:37,832 INFO changed: CGATPipelines/PipelineGeneset.py : --merge-transcripts(['`\s"=]) to --method=merge-transcripts\1
## 2014-10-31 14:39:37,833 INFO changed: CGATPipelines/PipelineGeneset.py : --peptides(['`\s"=]) to --peptides-fasta-file\1
## 2014-10-31 14:39:37,838 INFO changed: CGATPipelines/PipelineGeneset.py : --sort(['`\s"=]) to --method=sort --sort-order\1
## 2014-10-31 14:39:37,840 INFO changed: CGATPipelines/PipelineGeneset.py : --apply(['`\s"=]) to --map-tsv-file\1
## 2014-10-31 14:39:37,845 INFO changed: CGATPipelines/PipelineGeneset.py : --set-transcript-to-gene(['`\s"=]) to --method=set-transcript-to-gene\1
## 2014-10-31 14:39:37,856 INFO changed: CGATPipelines/PipelineGeneset.py : --only-attributes(['`\s"=]) to --output-only-attributes\1
## 2014-10-31 14:39:37,869 INFO changed: CGATPipelines/PipelineGeneset.py : --index(['`\s"=]) to --add-index\1
## 2014-10-31 14:39:37,872 INFO changed: CGATPipelines/PipelineGeneset.py : --force(['`\s"=]) to --force-output\1
## 2014-10-31 14:39:37,872 INFO changed: CGATPipelines/PipelineGeneset.py : --sanitize(['`\s"=]) to --method=sanitize\1
## 2014-10-31 14:39:37,878 INFO changed: CGATPipelines/PipelineGeneset.py : --allow-empty(['`\s"=]) to --allow-empty-file\1
## 2014-10-31 14:39:37,931 INFO changed: CGATPipelines/pipeline_transfacmatch.py : --index(['`\s"=]) to --add-index\1
## 2014-10-31 14:39:56,660 INFO changed: CGATPipelines/pipeline_docs/pipeline_metagenomebenchmark/pipeline_metagenomebenchmark.py : --index(['`\s"=]) to --add-index\1
## 2014-10-31 14:40:25,062 INFO changed: CGATPipelines/pipeline_template_data/pipeline_template.py : --index(['`\s"=]) to --add-index\1
## 2014-10-31 14:40:26,906 INFO changed: scripts/coverage2stats.py : --bin-number(['`\s"=]) to --num-bins\1
## 2014-10-31 14:40:27,095 INFO changed: scripts/psl2assembly.py : --filter(['`\s"=]) to --method=filter --filter-method\1
## 2014-10-31 14:40:27,109 INFO changed: scripts/psl2assembly.py : --input-filename-coverage(['`\s"=]) to --coverage-tsv-file\1
## 2014-10-31 14:40:27,113 INFO changed: scripts/psl2assembly.py : --input-filename-queries(['`\s"=]) to --queries-tsv-file\1
## 2014-10-31 14:40:27,189 INFO changed: scripts/barplotGo.py : --marigins(['`\s"=]) to --plot-margins\1
## 2014-10-31 14:40:27,285 INFO changed: scripts/annotator2tsv.py : --workspace(['`\s"=]) to --workspace-bed-file\1
## 2014-10-31 14:40:27,300 INFO changed: scripts/annotator2tsv.py : --annotations-gtf(['`\s"=]) to --annotations-gtf-file\1
## 2014-10-31 14:40:27,311 INFO changed: scripts/annotator2tsv.py : --fdr-qvalue(['`\s"=]) to --fdr-threshold\1
## 2014-10-31 14:40:27,313 INFO changed: scripts/annotator2tsv.py : --regex-id(['`\s"=]) to --regex-identifier\1
## 2014-10-31 14:40:27,321 INFO changed: scripts/annotator2tsv.py : --filename-gtf(['`\s"=]) to --gtf-file\1
## 2014-10-31 14:40:27,808 INFO changed: scripts/gtf2gff.py : --sort(['`\s"=]) to --method=sort --sort-order\1
## 2014-10-31 14:40:28,059 INFO changed: scripts/gff2histogram.py : --dynamic-bins(['`\s"=]) to --use-dynamic-bins\1
## 2014-10-31 14:40:28,108 INFO changed: scripts/malis2mali.py : --filename-identifiers(['`\s"=]) to --identifiers-tsv-file\1
## 2014-10-31 14:40:28,149 INFO changed: scripts/malis2mali.py : --filename-coordinates(['`\s"=]) to --coordinates-tsv-file\1
## 2014-10-31 14:40:28,213 INFO changed: scripts/maq2psl.py : --filename-coordinates(['`\s"=]) to --coordinates-tsv-file\1
## 2014-10-31 14:40:28,483 INFO changed: scripts/data2stats.py : --write-header(['`\s"=]) to --output-with-header\1
## 2014-10-31 14:40:28,517 INFO changed: scripts/data2stats.py : --flat(['`\s"=]) to --flat-output\1
## 2014-10-31 14:40:28,616 INFO changed: scripts/matrix2tree.py : --filename-tree(['`\s"=]) to --tree-nh-file\1
## 2014-10-31 14:40:28,817 INFO changed: scripts/mali2malis.py : --filename-coordinates(['`\s"=]) to --coordinates-tsv-file\1
## 2014-10-31 14:40:28,841 INFO changed: scripts/bam2bidirectionaltranscription.py : --bin-number(['`\s"=]) to --num-bins\1
## 2014-10-31 14:40:28,847 INFO changed: scripts/bam2bidirectionaltranscription.py : --merge-transcripts(['`\s"=]) to --method=merge-transcripts\1
## 2014-10-31 14:40:28,924 INFO changed: scripts/mali2kaks.py : --output-pattern(['`\s"=]) to --output-filename-pattern\1
## 2014-10-31 14:40:29,010 INFO changed: scripts/plot_histogram.py : --legend(['`\s"=]) to --plot-legend\1
## 2014-10-31 14:40:29,051 INFO changed: scripts/bam_vs_bed.py : --filename-bam(['`\s"=]) to --bam-file\1
## 2014-10-31 14:40:29,075 INFO changed: scripts/bam_vs_bed.py : --filename-bed(['`\s"=]) to --bed-file\1
## 2014-10-31 14:40:29,112 INFO changed: scripts/bam2stats.py : --filename-rna(['`\s"=]) to --mask-bed-file\1
## 2014-10-31 14:40:29,123 INFO changed: scripts/bam2stats.py : --filename-fastq(['`\s"=]) to --fastq-file\1
## 2014-10-31 14:40:29,144 INFO changed: scripts/bam2stats.py : --input-reads(['`\s"=]) to --num-reads\1
## 2014-10-31 14:40:29,204 INFO changed: scripts/bams2bam.py : --filename-map(['`\s"=]) to --map-tsv-file\1
## 2014-10-31 14:40:29,209 INFO changed: scripts/bams2bam.py : --filename-gtf(['`\s"=]) to --gtf-file\1
## 2014-10-31 14:40:29,212 INFO changed: scripts/bams2bam.py : --sam(['`\s"=]) to --sam-file\1
## 2014-10-31 14:40:29,213 INFO changed: scripts/bams2bam.py : --force(['`\s"=]) to --force-output\1
## 2014-10-31 14:40:29,216 INFO changed: scripts/bams2bam.py : --filename-transcriptome(['`\s"=]) to --transcripts-gtf-file\1
## 2014-10-31 14:40:29,556 INFO changed: scripts/align_transcripts.py : --gtf(['`\s"=]) to --gtf-file\1
## 2014-10-31 14:40:29,558 INFO changed: scripts/align_transcripts.py : --cds(['`\s"=]) to --cds-gtf-file\1
## 2014-10-31 14:40:29,591 INFO changed: scripts/align_transcripts.py : --exons(['`\s"=]) to --exons-file\1
## 2014-10-31 14:40:29,653 INFO changed: scripts/bed2annotator.py : --input-filename-map(['`\s"=]) to --map-tsv-file\1
## 2014-10-31 14:40:29,679 INFO changed: scripts/gtf2gtf.py : --filter(['`\s"=]) to --method=filter --filter-method\1
## 2014-10-31 14:40:29,685 INFO changed: scripts/gtf2gtf.py : --rename(['`\s"=]) to --method=rename-genes\1
## 2014-10-31 14:40:29,689 INFO changed: scripts/gtf2gtf.py : --sort(['`\s"=]) to --method=sort --sort-order\1
## 2014-10-31 14:40:29,697 INFO changed: scripts/gtf2gtf.py : --reset-strand(['`\s"=]) to --ignore-strand\1
## 2014-10-31 14:40:29,810 INFO changed: scripts/gtfs2tsv.py : --write-full(['`\s"=]) to --output-full\1
## 2014-10-31 14:40:29,825 INFO changed: scripts/gtfs2tsv.py : --write-equivalent(['`\s"=]) to --output-equivalent\1
## 2014-10-31 14:40:29,947 INFO changed: scripts/malis2malis.py : --filename-filter(['`\s"=]) to --filter-tsv-file\1
## 2014-10-31 14:40:29,992 INFO changed: scripts/peptides2cds.py : --peptides(['`\s"=]) to --peptides-fasta-file\1
## 2014-10-31 14:40:29,998 INFO changed: scripts/peptides2cds.py : --cds(['`\s"=]) to --cds-gtf-file\1
## 2014-10-31 14:40:30,062 INFO changed: scripts/bam2wiggle.py : --span(['`\s"=]) to --wiggle-span\1
## 2014-10-31 14:40:30,063 INFO changed: scripts/bam2wiggle.py : --shift(['`\s"=]) to --shift-size\1
## 2014-10-31 14:40:30,300 INFO changed: scripts/substitute_tokens.py : --filter(['`\s"=]) to --method=filter --filter-method\1
## 2014-10-31 14:40:30,310 INFO changed: scripts/substitute_tokens.py : --apply(['`\s"=]) to --map-tsv-file\1
## 2014-10-31 14:40:30,367 INFO changed: scripts/gff2psl.py : --input-filename-queries(['`\s"=]) to --queries-tsv-file\1
## 2014-10-31 14:40:30,470 INFO changed: scripts/add_random_reads_to_bam.py : --insert-size(['`\s"=]) to --insertsize-mean\1
## 2014-10-31 14:40:30,487 INFO changed: scripts/add_random_reads_to_bam.py : --insert-sd(['`\s"=]) to --insertsize-std\1
## 2014-10-31 14:40:30,541 INFO changed: scripts/tree_strain2species.py : --filename-synonyms(['`\s"=]) to --synonyms-tsv-file\1
## 2014-10-31 14:40:30,565 INFO changed: scripts/tree_strain2species.py : --filename-genes(['`\s"=]) to --genes-tsv-file\1
## 2014-10-31 14:40:30,956 INFO changed: scripts/runGO.py : --minimum-counts(['`\s"=]) to --min-counts\1
## 2014-10-31 14:40:30,961 INFO changed: scripts/runGO.py : --background(['`\s"=]) to --background-tsv-file\1
## 2014-10-31 14:40:30,980 INFO changed: scripts/runGO.py : --filename-gene2name(['`\s"=]) to --gene2name-map-tsv-file\1
## 2014-10-31 14:40:30,986 INFO changed: scripts/runGO.py : --qvalue-lambda(['`\s"=]) to --fdr-lambda\1
## 2014-10-31 14:40:30,989 INFO changed: scripts/runGO.py : --qvalue-method(['`\s"=]) to --fdr-method\1
## 2014-10-31 14:40:31,214 INFO changed: scripts/annotator_distance.py : --workspace(['`\s"=]) to --workspace-bed-file\1
## 2014-10-31 14:40:31,260 INFO changed: scripts/annotator_distance.py : --filename-annotations(['`\s"=]) to --annotations-tsv-file\1
## 2014-10-31 14:40:31,286 INFO changed: scripts/codonbias_weights2tsv.py : --sort(['`\s"=]) to --method=sort --sort-order\1
## 2014-10-31 14:40:31,309 INFO changed: scripts/codonbias_weights2tsv.py : --global-sort(['`\s"=]) to --sort-global\1
## 2014-10-31 14:40:31,385 INFO changed: scripts/links2fasta.py : --filter(['`\s"=]) to --method=filter --filter-method\1
## 2014-10-31 14:40:31,423 INFO changed: scripts/links2fasta.py : --exons(['`\s"=]) to --exons-file\1
## 2014-10-31 14:40:31,708 INFO changed: scripts/psl2fasta.py : --filename-query(['`\s"=]) to --query-psl-file\1
## 2014-10-31 14:40:31,718 INFO changed: scripts/psl2fasta.py : --filename-target(['`\s"=]) to --target-psl-file\1
## 2014-10-31 14:40:31,824 INFO changed: scripts/gff_compare.py : --write-full(['`\s"=]) to --output-full\1
## 2014-10-31 14:40:31,844 INFO changed: scripts/gff_compare.py : --out-filename-pattern(['`\s"=]) to --output-filename-pattern\1
## 2014-10-31 14:40:31,854 INFO changed: scripts/gff_compare.py : --write-missed-exons(['`\s"=]) to --output-missed-exons\1
## 2014-10-31 14:40:31,859 INFO changed: scripts/gff_compare.py : --write-missed-genes(['`\s"=]) to --output-missed-genes\1
## 2014-10-31 14:40:31,864 INFO changed: scripts/gff_compare.py : --write-matched-exons(['`\s"=]) to --output-matched-exons\1
## 2014-10-31 14:40:32,027 INFO changed: scripts/mask_fasta.py : --output-pattern(['`\s"=]) to --output-filename-pattern\1
## 2014-10-31 14:40:32,097 INFO changed: scripts/mali2rates.py : --filename-tree(['`\s"=]) to --tree-nh-file\1
## 2014-10-31 14:40:32,105 INFO changed: scripts/mali2rates.py : --output-pattern(['`\s"=]) to --output-filename-pattern\1
## 2014-10-31 14:40:32,118 INFO changed: scripts/mali2rates.py : --distance(['`\s"=]) to --distance-method\1
## 2014-10-31 14:40:32,277 INFO changed: scripts/bam2geneprofile.py : --bamfile(['`\s"=]) to --bam-file\1
## 2014-10-31 14:40:32,279 INFO changed: scripts/bam2geneprofile.py : --input-filename-counts(['`\s"=]) to --counts-tsv-file\1
## 2014-10-31 14:40:32,283 INFO changed: scripts/bam2geneprofile.py : --controlfile(['`\s"=]) to --control-bam-file\1
## 2014-10-31 14:40:32,294 INFO changed: scripts/bam2geneprofile.py : --shift(['`\s"=]) to --shift-size\1
## 2014-10-31 14:40:32,305 INFO changed: scripts/bam2geneprofile.py : --gtffile(['`\s"=]) to --gtf-file\1
## 2014-10-31 14:40:32,310 INFO changed: scripts/bam2geneprofile.py : --base-accuracy(['`\s"=]) to --use-base-accuracy\1
## 2014-10-31 14:40:32,354 INFO changed: scripts/diff_bed.py : --pattern-id(['`\s"=]) to --pattern-identifier\1
## 2014-10-31 14:40:32,426 INFO changed: scripts/submit.py : --output-pattern(['`\s"=]) to --output-filename-pattern\1
## 2014-10-31 14:40:32,604 INFO changed: scripts/r_table2scatter.py : --labels(['`\s"=]) to --plot-labels\1
## 2014-10-31 14:40:32,621 INFO changed: scripts/r_table2scatter.py : --legend(['`\s"=]) to --plot-legend\1
## 2014-10-31 14:40:32,642 INFO changed: scripts/r_table2scatter.py : --allow-empty(['`\s"=]) to --allow-empty-file\1
## 2014-10-31 14:40:32,685 INFO changed: scripts/cgat2rdf.py : --output-pattern(['`\s"=]) to --output-filename-pattern\1
## 2014-10-31 14:40:32,818 INFO changed: scripts/sparse2full.py : --default(['`\s"=]) to --default-value\1
## 2014-10-31 14:40:32,832 INFO changed: scripts/sparse2full.py : --filename-map(['`\s"=]) to --map-tsv-file\1
## 2014-10-31 14:40:32,835 INFO changed: scripts/sparse2full.py : --asymmetric(['`\s"=]) to --is-asymmetric\1
## 2014-10-31 14:40:33,110 INFO changed: scripts/split_genomic_fasta_file.py : --output-pattern(['`\s"=]) to --output-filename-pattern\1
## 2014-10-31 14:40:33,172 INFO changed: scripts/data2phylocontrasts.py : --write-header(['`\s"=]) to --output-with-header\1
## 2014-10-31 14:40:33,174 INFO changed: scripts/data2phylocontrasts.py : --filename-tree(['`\s"=]) to --tree-nh-file\1
## 2014-10-31 14:40:33,329 INFO changed: scripts/gtf2alleles.py : --filename-exons(['`\s"=]) to --exons-file\1
## 2014-10-31 14:40:33,331 INFO changed: scripts/gtf2alleles.py : --filename-vcf(['`\s"=]) to --vcf-file\1
## 2014-10-31 14:40:33,340 INFO changed: scripts/gtf2alleles.py : --filename-seleno(['`\s"=]) to --seleno-tsv-file\1
## 2014-10-31 14:40:33,343 INFO changed: scripts/gtf2alleles.py : --filename-pileup(['`\s"=]) to --pileup-file\1
## 2014-10-31 14:40:33,486 INFO changed: scripts/bam_vs_bam.py : --intervals(['`\s"=]) to --intervals-bed-file\1
## 2014-10-31 14:40:33,696 INFO changed: scripts/codonbias_acai2tsv.py : --input-file-trace(['`\s"=]) to --trace-tsv-file\1
## 2014-10-31 14:40:33,701 INFO changed: scripts/codonbias_acai2tsv.py : --input-file-genes(['`\s"=]) to --genes-tsv-file\1
## 2014-10-31 14:40:33,711 INFO changed: scripts/codonbias_acai2tsv.py : --input-file-codons(['`\s"=]) to --codons-tsv-file\1
## 2014-10-31 14:40:33,717 INFO changed: scripts/codonbias_acai2tsv.py : --weights(['`\s"=]) to --weights-tsv-file\1
## 2014-10-31 14:40:33,732 INFO changed: scripts/codonbias_acai2tsv.py : --input-file-sequences(['`\s"=]) to --fasta-file\1
## 2014-10-31 14:40:33,741 INFO changed: scripts/codonbias_acai2tsv.py : --input-file-subset(['`\s"=]) to --subset-tsv-file\1
## 2014-10-31 14:40:33,757 INFO changed: scripts/transfac2transfac.py : --filter(['`\s"=]) to --method=filter --filter-method\1
## 2014-10-31 14:40:33,886 INFO changed: scripts/psl2map.py : --filename-filter-sbjct(['`\s"=]) to --subjctfilter-tsv-file\1
## 2014-10-31 14:40:33,891 INFO changed: scripts/psl2map.py : --input-filename-queries(['`\s"=]) to --queries-tsv-file\1
## 2014-10-31 14:40:33,907 INFO changed: scripts/psl2map.py : --best-per-sbjct(['`\s"=]) to --output-best-per-subject\1
## 2014-10-31 14:40:33,955 INFO changed: scripts/cgat_cluster_distribute.py : --scratchdir(['`\s"=]) to --scratch-dir\1
## 2014-10-31 14:40:34,008 INFO changed: scripts/graph_group_links_by_taxonomy.py : --write-id(['`\s"=]) to --output-id\1
## 2014-10-31 14:40:34,201 INFO changed: scripts/mali_evaluate.py : --output-pattern(['`\s"=]) to --output-filename-pattern\1
## 2014-10-31 14:40:34,229 INFO changed: scripts/mali_evaluate.py : --exons(['`\s"=]) to --exons-file\1
## 2014-10-31 14:40:34,323 INFO changed: scripts/compare_clusters.py : --output-pattern(['`\s"=]) to --output-filename-pattern\1
## 2014-10-31 14:40:34,373 INFO changed: scripts/fastq2fastq.py : --sort(['`\s"=]) to --method=sort --sort-order\1
## 2014-10-31 14:40:34,375 INFO changed: scripts/fastq2fastq.py : --apply(['`\s"=]) to --map-tsv-file\1
## 2014-10-31 14:40:34,390 INFO changed: scripts/fastq2fastq.py : --uniq(['`\s"=]) to --unique\1
## 2014-10-31 14:40:34,469 INFO changed: scripts/revigo.py : --filename-pvalues(['`\s"=]) to --pvalues-tsv-file\1
## 2014-10-31 14:40:34,478 INFO changed: scripts/revigo.py : --filename-go(['`\s"=]) to --go-tsv-file\1
## 2014-10-31 14:40:34,598 INFO changed: scripts/wig2bed.py : --bigwig(['`\s"=]) to --bigwig-file\1
## 2014-10-31 14:40:34,665 INFO changed: scripts/mali2bootstrap.py : --samples(['`\s"=]) to --sample-size\1
## 2014-10-31 14:40:34,704 INFO changed: scripts/trees2trees.py : --filter(['`\s"=]) to --method=filter --filter-method\1
## 2014-10-31 14:40:34,717 INFO changed: scripts/trees2trees.py : --output-pattern(['`\s"=]) to --output-filename-pattern\1
## 2014-10-31 14:40:34,787 INFO changed: scripts/snp2snp.py : --filename-genome(['`\s"=]) to --genome-file\1
## 2014-10-31 14:40:34,992 INFO changed: scripts/gtf2table.py : --filename-gff(['`\s"=]) to --gff-file\1
## 2014-10-31 14:40:35,012 INFO changed: scripts/gtf2table.py : --multi-mapping(['`\s"=]) to --multi-mapping-method\1
## 2014-10-31 14:40:35,475 INFO changed: scripts/codeml2tsv.py : --pattern-input-filenames(['`\s"=]) to --input-pattern\1
## 2014-10-31 14:40:35,640 INFO changed: scripts/bed2table.py : --bed-headers(['`\s"=]) to --output-bed-headers\1
## 2014-10-31 14:40:35,654 INFO changed: scripts/bed2table.py : --filename-gff(['`\s"=]) to --gff-file\1
## 2014-10-31 14:40:35,810 INFO changed: scripts/graph_cluster_by_species.py : --filename-synonyms(['`\s"=]) to --synonyms-tsv-file\1
## 2014-10-31 14:40:35,947 INFO changed: scripts/join_tables.py : --sort(['`\s"=]) to --method=sort --sort-order\1
## 2014-10-31 14:40:36,019 INFO changed: scripts/farm.py : --chunksize(['`\s"=]) to --chunk-size\1
## 2014-10-31 14:40:36,034 INFO changed: scripts/farm.py : --output-pattern(['`\s"=]) to --output-filename-pattern\1
## 2014-10-31 14:40:36,042 INFO changed: scripts/farm.py : --binary(['`\s"=]) to --is-binary\1
## 2014-10-31 14:40:36,060 INFO changed: scripts/farm.py : --tmpdir(['`\s"=]) to --temp-dir\1
## 2014-10-31 14:40:36,108 INFO changed: scripts/graph2stats.py : --output-pattern(['`\s"=]) to --output-filename-pattern\1
## 2014-10-31 14:40:36,335 INFO changed: scripts/csvs2csv.py : --sort(['`\s"=]) to --method=sort --sort-order\1
## 2014-10-31 14:40:36,450 INFO changed: scripts/snp2counts.py : --filename-exons(['`\s"=]) to --exons-file\1
## 2014-10-31 14:40:36,453 INFO changed: scripts/snp2counts.py : --filename-vcf(['`\s"=]) to --vcf-file\1
## 2014-10-31 14:40:36,464 INFO changed: scripts/snp2counts.py : --filename-seleno(['`\s"=]) to --seleno-tsv-file\1
## 2014-10-31 14:40:36,732 INFO changed: scripts/plot_matrix.py : --labels(['`\s"=]) to --plot-labels\1
## 2014-10-31 14:40:36,845 INFO changed: scripts/bam2species_map.py : --bamfile(['`\s"=]) to --bam-file\1
## 2014-10-31 14:40:36,946 INFO changed: scripts/codemls2tsv.py : --filename-map-mali(['`\s"=]) to --mali-map-tsv-file\1
## 2014-10-31 14:40:36,986 INFO changed: scripts/codemls2tsv.py : --pattern-input-filenames(['`\s"=]) to --input-pattern\1
## 2014-10-31 14:40:37,057 INFO changed: scripts/index_fasta.py : --force(['`\s"=]) to --force-output\1
## 2014-10-31 14:40:37,327 INFO changed: scripts/r_compare_distributions.py : --legend(['`\s"=]) to --plot-legend\1
## 2014-10-31 14:40:37,541 INFO changed: scripts/data2histogram.py : --dynamic-bins(['`\s"=]) to --use-dynamic-bins\1
## 2014-10-31 14:40:37,605 INFO changed: scripts/quality2masks.py : --filename-map(['`\s"=]) to --map-tsv-file\1
## 2014-10-31 14:40:37,652 INFO changed: scripts/gff2plot.py : --output-pattern(['`\s"=]) to --output-filename-pattern\1
## 2014-10-31 14:40:37,722 INFO changed: scripts/runSPP.py : --srange-max(['`\s"=]) to --spp-srange-max\1
## 2014-10-31 14:40:37,726 INFO changed: scripts/runSPP.py : --srange-min(['`\s"=]) to --spp-srange-min\1
## 2014-10-31 14:40:37,749 INFO changed: scripts/runSPP.py : --z-threshold(['`\s"=]) to --spp-z-threshold\1
## 2014-10-31 14:40:38,128 INFO changed: scripts/fastqs2fastqs.py : --output-pattern(['`\s"=]) to --output-filename-pattern\1
## 2014-10-31 14:40:38,201 INFO changed: scripts/matrix2matrix.py : --filename-rows(['`\s"=]) to --rows-tsv-file\1
## 2014-10-31 14:40:38,236 INFO changed: scripts/matrix2matrix.py : --filename-columns(['`\s"=]) to --columns-tsv-file\1
## 2014-10-31 14:40:38,323 INFO changed: scripts/runExpression.py : --save-R(['`\s"=]) to --output-R-code\1
## 2014-10-31 14:40:38,325 INFO changed: scripts/runExpression.py : --filename-design(['`\s"=]) to --design-tsv-file\1
## 2014-10-31 14:40:38,344 INFO changed: scripts/runExpression.py : --filename-tags(['`\s"=]) to --tags-tsv-file\1
## 2014-10-31 14:40:38,364 INFO changed: scripts/runExpression.py : --pseudo-counts(['`\s"=]) to --pseudocounts\1
## 2014-10-31 14:40:38,931 INFO changed: scripts/runMEDIPS.py : --bigwig(['`\s"=]) to --bigwig-file\1
## 2014-10-31 14:40:38,936 INFO changed: scripts/runMEDIPS.py : --shift(['`\s"=]) to --shift-size\1
## 2014-10-31 14:40:39,001 INFO changed: scripts/trees2tree.py : --write-values(['`\s"=]) to --output-with-values\1
## 2014-10-31 14:40:39,008 INFO changed: scripts/trees2tree.py : --regex-id(['`\s"=]) to --regex-identifier\1
## 2014-10-31 14:40:39,048 INFO changed: scripts/bam2transcriptContribution.py : --reference-GTF(['`\s"=]) to --reference-gtf-file\1
## 2014-10-31 14:40:39,228 INFO changed: scripts/fasta2kmercontent.py : --kmer(['`\s"=]) to --kmer-size\1
## 2014-10-31 14:40:39,301 INFO changed: scripts/genelist_analysis.py : --background(['`\s"=]) to --background-tsv-file\1
## 2014-10-31 14:40:39,314 INFO changed: scripts/genelist_analysis.py : --filename-assignments(['`\s"=]) to --assignments-tsv-file\1
## 2014-10-31 14:40:39,323 INFO changed: scripts/genelist_analysis.py : --qvalue-lambda(['`\s"=]) to --fdr-lambda\1
## 2014-10-31 14:40:39,326 INFO changed: scripts/genelist_analysis.py : --qvalue-method(['`\s"=]) to --fdr-method\1
## 2014-10-31 14:40:39,380 INFO changed: scripts/split_fasta.py : --output-pattern(['`\s"=]) to --output-filename-pattern\1
## 2014-10-31 14:40:39,431 INFO changed: scripts/gtfs2graph.py : --pattern-id(['`\s"=]) to --pattern-identifier\1
## 2014-10-31 14:40:39,654 INFO changed: scripts/fasta2table.py : --filename-weights(['`\s"=]) to --weights-tsv-file\1
## 2014-10-31 14:40:40,008 INFO changed: scripts/tree_map_leaves.py : --apply(['`\s"=]) to --map-tsv-file\1
## 2014-10-31 14:40:40,173 INFO changed: scripts/diff_gtf.py : --pattern-id(['`\s"=]) to --pattern-identifier\1
## 2014-10-31 14:40:40,362 INFO changed: scripts/combine_tables.py : --sort(['`\s"=]) to --method=sort --sort-order\1
## 2014-10-31 14:40:40,497 INFO changed: scripts/chain2stats.py : --targetgenome(['`\s"=]) to --target-genome\1
## 2014-10-31 14:40:40,525 INFO changed: scripts/chain2stats.py : --chainfile(['`\s"=]) to --chain-file\1
## 2014-10-31 14:40:40,526 INFO changed: scripts/chain2stats.py : --querygenome(['`\s"=]) to --query-genome\1
## 2014-10-31 14:40:40,877 INFO changed: scripts/graph_reweight_links.py : --distance(['`\s"=]) to --distance-method\1
## 2014-10-31 14:40:41,051 INFO changed: scripts/mali2cleaned_mali.py : --filename-exons(['`\s"=]) to --exons-file\1
## 2014-10-31 14:40:41,067 INFO changed: scripts/mali2cleaned_mali.py : --filename-components(['`\s"=]) to --components-tsv-file\1
## 2014-10-31 14:40:41,168 INFO changed: scripts/combine_histograms.py : --sort(['`\s"=]) to --method=sort --sort-order\1
## 2014-10-31 14:40:41,178 INFO changed: scripts/combine_histograms.py : --format-bin(['`\s"=]) to --bin-format\1
## 2014-10-31 14:40:41,268 INFO changed: scripts/probeset2gene.py : --filename-gtf(['`\s"=]) to --gtf-file\1
## 2014-10-31 14:40:41,347 INFO changed: scripts/beds2beds.py : --pattern-id(['`\s"=]) to --pattern-identifier\1
## 2014-10-31 14:40:41,605 INFO changed: scripts/psl2psl.py : --filename-target(['`\s"=]) to --target-psl-file\1
## 2014-10-31 14:40:41,607 INFO changed: scripts/psl2psl.py : --filename-queries(['`\s"=]) to --queries-tsv-file\1
## 2014-10-31 14:40:41,999 INFO changed: scripts/snp2table.py : --filename-exons(['`\s"=]) to --exons-file\1
## 2014-10-31 14:40:42,001 INFO changed: scripts/snp2table.py : --filename-vcf(['`\s"=]) to --vcf-file\1
## 2014-10-31 14:40:42,017 INFO changed: scripts/snp2table.py : --filename-annotations(['`\s"=]) to --annotations-tsv-file\1
## 2014-10-31 14:40:42,142 INFO changed: scripts/cgat2dot.py : --output-pattern(['`\s"=]) to --output-filename-pattern\1
## 2014-10-31 14:40:42,385 INFO changed: scripts/tree2svg.py : --filename-tree(['`\s"=]) to --tree-nh-file\1
## 2014-10-31 14:40:42,408 INFO changed: scripts/tree2svg.py : --filename-map(['`\s"=]) to --map-tsv-file\1
## 2014-10-31 14:40:42,535 INFO changed: scripts/histogram2histogram.py : --format-bin(['`\s"=]) to --bin-format\1
## 2014-10-31 14:40:42,553 INFO changed: scripts/histogram2histogram.py : --format-val(['`\s"=]) to --value-format\1
## 2014-10-31 14:40:42,719 INFO changed: scripts/bam_vs_gtf.py : --filename-exons(['`\s"=]) to --exons-file\1
## 2014-10-31 14:40:42,729 INFO changed: scripts/bam_vs_gtf.py : --filename-gtf(['`\s"=]) to --gtf-file\1
## 2014-10-31 14:40:42,772 INFO changed: scripts/diff_transcript_sets.py : --output-pattern(['`\s"=]) to --output-filename-pattern\1
## 2014-10-31 14:40:42,843 INFO changed: scripts/gtf2tsv.py : --only-attributes(['`\s"=]) to --output-only-attributes\1
## 2014-10-31 14:40:43,017 INFO changed: scripts/csv2csv.py : --sort(['`\s"=]) to --method=sort --sort-order\1
## 2014-10-31 14:40:43,140 INFO changed: scripts/gtf2overlap.py : --merge-transcripts(['`\s"=]) to --method=merge-transcripts\1
## 2014-10-31 14:40:43,163 INFO changed: scripts/gtf2overlap.py : --gtf-b(['`\s"=]) to --second-gtf-file\1
## 2014-10-31 14:40:43,163 INFO changed: scripts/gtf2overlap.py : --gtf-a(['`\s"=]) to --first-gtf-file\1
## 2014-10-31 14:40:43,450 INFO changed: scripts/bam2peakshape.py : --sort(['`\s"=]) to --method=sort --sort-order\1
## 2014-10-31 14:40:43,463 INFO changed: scripts/bam2peakshape.py : --shift(['`\s"=]) to --shift-size\1
## 2014-10-31 14:40:43,469 INFO changed: scripts/bam2peakshape.py : --control-file(['`\s"=]) to --control-bam-file\1
## 2014-10-31 14:40:43,598 INFO changed: scripts/graph_links2gdl.py : --weights(['`\s"=]) to --weights-tsv-file\1
## 2014-10-31 14:40:43,619 INFO changed: scripts/graph_links2gdl.py : --filename-components(['`\s"=]) to --components-tsv-file\1
## 2014-10-31 14:40:43,849 INFO changed: scripts/runZinba.py : --bit-filename(['`\s"=]) to --bit-file\1
## 2014-10-31 14:40:43,858 INFO changed: scripts/runZinba.py : --improvement(['`\s"=]) to --zinba-improvement\1
## 2014-10-31 14:40:43,871 INFO changed: scripts/runZinba.py : --alignability-threshold(['`\s"=]) to --zinba-alignability-threshold\1
## 2014-10-31 14:40:43,879 INFO changed: scripts/runZinba.py : --mappability-dir(['`\s"=]) to --zinba-mappability-dir\1
## 2014-10-31 14:40:43,879 INFO changed: scripts/runZinba.py : --index-dir(['`\s"=]) to --zinba-index-dir\1
## 2014-10-31 14:40:43,926 INFO changed: scripts/maq2assembly.py : --forward-coordinates(['`\s"=]) to --is-forward-coordinates\1
## 2014-10-31 14:40:44,272 INFO changed: scripts/filter_tokens.py : --apply(['`\s"=]) to --map-tsv-file\1
## 2014-10-31 14:40:44,279 INFO changed: scripts/filter_tokens.py : --tokens(['`\s"=]) to --tokens-tsv-file\1
## 2014-10-31 14:40:44,340 INFO changed: scripts/tree2matrix.py : --output-pattern(['`\s"=]) to --output-filename-pattern\1
## 2014-10-31 14:40:44,404 INFO changed: scripts/split_gff.py : --output-pattern(['`\s"=]) to --output-filename-pattern\1
## 2014-10-31 14:40:44,514 INFO changed: scripts/fastqs2fasta.py : --fastq2(['`\s"=]) to --second-fastq-file\1
## 2014-10-31 14:40:44,515 INFO changed: scripts/fastqs2fasta.py : --fastq1(['`\s"=]) to --first-fastq-file\1
## 2014-10-31 14:40:44,767 INFO changed: scripts/plot_data.py : --legend(['`\s"=]) to --plot-legend\1
## 2014-10-31 14:40:44,822 INFO changed: scripts/cgat_ruffus_profile.py : --filter(['`\s"=]) to --method=filter --filter-method\1
## 2014-10-31 14:40:44,893 INFO changed: scripts/data2multiple_anova.py : --write-header(['`\s"=]) to --output-with-header\1
## 2014-10-31 14:40:44,895 INFO changed: scripts/data2multiple_anova.py : --filename-tree(['`\s"=]) to --tree-nh-file\1
## 2014-10-31 14:40:44,946 INFO changed: scripts/set_diff.py : --write-header(['`\s"=]) to --output-with-header\1
## 2014-10-31 14:40:45,172 INFO changed: scripts/tree2tree.py : --filter(['`\s"=]) to --method=filter --filter-method\1
## 2014-10-31 14:40:45,228 INFO changed: scripts/gff2fasta.py : --filter(['`\s"=]) to --method=filter --filter-method\1
## 2014-10-31 14:40:45,307 INFO changed: scripts/ena2table.py : --tax-id(['`\s"=]) to --tax-identifier\1
## 2014-10-31 14:40:45,616 INFO changed: scripts/gpipe/exons2stats.py : --exons(['`\s"=]) to --exons-file\1
## 2014-10-31 14:40:45,685 INFO changed: scripts/gpipe/exons2exons.py : --forward-coordinates(['`\s"=]) to --is-forward-coordinates\1
## 2014-10-31 14:40:45,719 INFO changed: scripts/gpipe/analyze_queries.py : --filter(['`\s"=]) to --method=filter --filter-method\1
## 2014-10-31 14:40:45,723 INFO changed: scripts/gpipe/analyze_queries.py : --peptides(['`\s"=]) to --peptides-fasta-file\1
## 2014-10-31 14:40:45,728 INFO changed: scripts/gpipe/analyze_queries.py : --sort(['`\s"=]) to --method=sort --sort-order\1
## 2014-10-31 14:40:45,863 INFO changed: scripts/gpipe/predict_genes.py : --peptides(['`\s"=]) to --peptides-fasta-file\1
## 2014-10-31 14:40:45,905 INFO changed: scripts/gpipe/predict_genes.py : --exons(['`\s"=]) to --exons-file\1
## 2014-10-31 14:40:46,211 INFO changed: scripts/gpipe/cluster_genes_by_category.py : --distance(['`\s"=]) to --distance-method\1
## 2014-10-31 14:40:46,267 INFO changed: scripts/gpipe/compare_predictions.py : --peptides(['`\s"=]) to --peptides-fasta-file\1
## 2014-10-31 14:40:46,298 INFO changed: scripts/gpipe/compare_predictions.py : --exons(['`\s"=]) to --exons-file\1
## 2014-10-31 14:40:46,424 INFO changed: scripts/gpipe/exonerate_combine_regions.py : --peptides(['`\s"=]) to --peptides-fasta-file\1
## 2014-10-31 14:40:46,559 INFO changed: scripts/gpipe/extract_regions.py : --forward-coordinates(['`\s"=]) to --is-forward-coordinates\1
## 2014-10-31 14:40:46,710 INFO changed: scripts/gpipe/pairs2gene_structure.py : --cds(['`\s"=]) to --cds-gtf-file\1
## 2014-10-31 14:40:46,788 INFO changed: scripts/gpipe/predictions2assembly.py : --contigs(['`\s"=]) to --contigs-tsv-file\1
## 2014-10-31 14:40:46,849 INFO changed: scripts/gpipe/prediction2pairs.py : --cds(['`\s"=]) to --cds-gtf-file\1
## 2014-10-31 14:40:47,032 INFO changed: scripts/gpipe/list2regions.py : --peptides(['`\s"=]) to --peptides-fasta-file\1
## 2014-10-31 14:40:47,190 INFO changed: scripts/gpipe/select_transcripts.py : --peptides(['`\s"=]) to --peptides-fasta-file\1
## 2014-10-31 14:40:47,229 INFO changed: scripts/gpipe/select_transcripts.py : --exons(['`\s"=]) to --exons-file\1
## 2014-10-31 14:40:47,467 INFO changed: scripts/gpipe/export_predictions.py : --filename-filter(['`\s"=]) to --filter-tsv-file\1
## 2014-10-31 14:40:47,544 INFO changed: scripts/gpipe/gtf2exons.py : --forward-coordinates(['`\s"=]) to --is-forward-coordinates\1
## 2014-10-31 14:40:47,659 INFO changed: scripts/gpipe/exons2map.py : --contigs(['`\s"=]) to --contigs-tsv-file\1
## 2014-10-31 14:40:47,709 INFO changed: scripts/gpipe/liftover_predictions.py : --peptides(['`\s"=]) to --peptides-fasta-file\1
## 2014-10-31 14:40:47,734 INFO changed: scripts/gpipe/liftover_predictions.py : --filename-map(['`\s"=]) to --map-tsv-file\1
## 2014-10-31 14:40:47,735 INFO changed: scripts/gpipe/liftover_predictions.py : --filename-genes(['`\s"=]) to --genes-tsv-file\1
## 2014-10-31 14:40:47,910 INFO changed: scripts/gpipe/exons2clusters.py : --peptides(['`\s"=]) to --peptides-fasta-file\1
## 2014-10-31 14:40:47,928 INFO changed: scripts/gpipe/exons2clusters.py : --contigs(['`\s"=]) to --contigs-tsv-file\1
## 2014-10-31 14:40:48,021 INFO changed: scripts/gpipe/get_genes.py : --filter(['`\s"=]) to --method=filter --filter-method\1
## 2014-10-31 14:40:48,026 INFO changed: scripts/gpipe/get_genes.py : --peptides(['`\s"=]) to --peptides-fasta-file\1
## 2014-10-31 14:40:48,197 INFO changed: scripts/gpipe/id2genes.py : --filter(['`\s"=]) to --method=filter --filter-method\1
## 2014-10-31 14:40:48,207 INFO changed: scripts/gpipe/id2genes.py : --apply(['`\s"=]) to --map-tsv-file\1
## 2014-10-31 14:40:48,257 INFO changed: scripts/gpipe/compare_predictions2exons.py : --peptides(['`\s"=]) to --peptides-fasta-file\1
## 2014-10-31 14:40:48,292 INFO changed: scripts/gpipe/compare_predictions2exons.py : --exons(['`\s"=]) to --exons-file\1
## 2014-10-31 14:40:48,348 INFO changed: scripts/gpipe/setup.py : --force(['`\s"=]) to --force-output\1
## 2014-10-31 14:40:48,435 INFO changed: scripts/gpipe/predictions2cds.py : --forward-coordinates(['`\s"=]) to --is-forward-coordinates\1
## 2014-10-31 14:40:48,521 INFO changed: scripts/gpipe/assignments2pairs.py : --peptides(['`\s"=]) to --peptides-fasta-file\1
## 2014-10-31 14:40:48,531 INFO changed: scripts/gpipe/assignments2pairs.py : --output-pattern(['`\s"=]) to --output-filename-pattern\1
## 2014-10-31 14:40:48,553 INFO changed: scripts/gpipe/assignments2pairs.py : --forward-coordinates(['`\s"=]) to --is-forward-coordinates\1
## 2014-10-31 14:40:48,581 INFO changed: scripts/gpipe/exonerate2regions.py : --peptides(['`\s"=]) to --peptides-fasta-file\1
## 2014-10-31 14:40:48,682 INFO changed: scripts/optic/analyze_genes.py : --filter(['`\s"=]) to --method=filter --filter-method\1
## 2014-10-31 14:40:48,691 INFO changed: scripts/optic/analyze_genes.py : --sort(['`\s"=]) to --method=sort --sort-order\1
## 2014-10-31 14:40:48,763 INFO changed: scripts/optic/regions2graph.py : --peptides(['`\s"=]) to --peptides-fasta-file\1
## 2014-10-31 14:40:48,848 INFO changed: scripts/optic/update_blast.py : --output-pattern(['`\s"=]) to --output-filename-pattern\1
## 2014-10-31 14:40:49,028 INFO changed: scripts/optic/filter_paralogous_links.py : --cds(['`\s"=]) to --cds-gtf-file\1
## 2014-10-31 14:40:49,164 INFO changed: scripts/optic/analyze_genetrees.py : --output-pattern(['`\s"=]) to --output-filename-pattern\1
## 2014-10-31 14:40:49,330 INFO changed: scripts/optic/prune_multiple_alignment.py : --exons(['`\s"=]) to --exons-file\1
## 2014-10-31 14:40:49,505 INFO changed: scripts/optic/annotate_clusters.py : --filename-map(['`\s"=]) to --map-tsv-file\1
## 2014-10-31 14:40:49,653 INFO changed: scripts/optic/transcripts2links.py : --filename-filter(['`\s"=]) to --filter-tsv-file\1
## 2014-10-31 14:40:49,712 INFO changed: scripts/optic/evaluate_mali.py : --output-pattern(['`\s"=]) to --output-filename-pattern\1
## 2014-10-31 14:40:49,741 INFO changed: scripts/optic/evaluate_mali.py : --exons(['`\s"=]) to --exons-file\1
## 2014-10-31 14:40:49,816 INFO changed: scripts/optic/analyze_orthology_multiple.py : --output-pattern(['`\s"=]) to --output-filename-pattern\1
## 2014-10-31 14:40:49,911 INFO changed: scripts/optic/plot_duplications.py : --contig-sizes(['`\s"=]) to --contigs-tsv-file\1
## 2014-10-31 14:40:50,120 INFO changed: scripts/optic/components2clusters.py : --filter(['`\s"=]) to --method=filter --filter-method\1
## 2014-10-31 14:40:50,567 INFO changed: scripts/optic/regions2predictions.py : --peptides(['`\s"=]) to --peptides-fasta-file\1
## 2014-10-31 14:40:50,688 INFO changed: scripts/optic/diff_gff.py : --write-full(['`\s"=]) to --output-full\1
## 2014-10-31 14:40:50,704 INFO changed: scripts/optic/diff_gff.py : --write-equivalent(['`\s"=]) to --output-equivalent\1
## 2014-10-31 14:40:50,963 INFO changed: scripts/optic/links2exons.py : --cds(['`\s"=]) to --cds-gtf-file\1
## 2014-10-31 14:40:51,383 INFO changed: scripts/optic/analyze_ribosomes.py : --filename-identifiers(['`\s"=]) to --identifiers-tsv-file\1
## 2014-10-31 14:40:51,397 INFO changed: scripts/optic/analyze_ribosomes.py : --output-pattern(['`\s"=]) to --output-filename-pattern\1
## 2014-10-31 14:40:52,037 INFO changed: doc/CGATUsage.rst : --force(['`\s"=]) to --force-output\1
## 2014-10-31 14:40:52,282 INFO changed: doc/cgat.rst : --merge-exons(['`\s"=]) to --method=merge-exons\1
## 2014-10-31 14:40:52,282 INFO changed: doc/cgat.rst : --filter(['`\s"=]) to --method=filter --filter-method\1
## 2014-10-31 14:40:52,291 INFO changed: doc/cgat.rst : --sort(['`\s"=]) to --method=sort --sort-order\1
## 2014-10-31 14:40:52,309 INFO changed: doc/cgat.rst : --filename-gff(['`\s"=]) to --gff-file\1
## 2014-10-31 14:40:52,318 INFO changed: doc/cgat.rst : --sanitize(['`\s"=]) to --method=sanitize\1
## 2014-10-31 14:40:52,803 INFO changed: doc/CGATInstallation.rst : --output-pattern(['`\s"=]) to --output-filename-pattern\1
## 2014-10-31 14:40:53,460 INFO changed: doc/BuildingPipelines.rst : --index(['`\s"=]) to --add-index\1
## 2014-10-31 14:41:20,622 INFO changed: doc/recipes/nfkb_profile.rst : --bamfile(['`\s"=]) to --bam-file\1
## 2014-10-31 14:41:20,624 INFO changed: doc/recipes/nfkb_profile.rst : --sort(['`\s"=]) to --method=sort --sort-order\1
## 2014-10-31 14:41:20,645 INFO changed: doc/recipes/nfkb_profile.rst : --gtffile(['`\s"=]) to --gtf-file\1
## 2014-10-31 14:41:20,686 INFO changed: doc/recipes/metagenome_contigs_kmers.rst : --kmer(['`\s"=]) to --kmer-size\1
## 2014-10-31 14:41:20,760 INFO changed: doc/recipes/gat.rst : --workspace(['`\s"=]) to --workspace-bed-file\1
## 2014-10-31 14:41:20,761 INFO changed: doc/recipes/gat.rst : --merge-exons(['`\s"=]) to --method=merge-exons\1
## 2014-10-31 14:41:20,761 INFO changed: doc/recipes/gat.rst : --filter(['`\s"=]) to --method=filter --filter-method\1
## 2014-10-31 14:41:20,770 INFO changed: doc/recipes/gat.rst : --sort(['`\s"=]) to --method=sort --sort-order\1
## 2014-10-31 14:41:20,789 INFO changed: doc/recipes/gat.rst : --filename-gff(['`\s"=]) to --gff-file\1
## 2014-10-31 14:41:20,798 INFO changed: doc/recipes/gat.rst : --sanitize(['`\s"=]) to --method=sanitize\1
## 2014-10-31 14:41:20,842 INFO changed: doc/recipes/lncrna_cpg.rst : --merge-transcripts(['`\s"=]) to --method=merge-transcripts\1
## 2014-10-31 14:41:20,847 INFO changed: doc/recipes/lncrna_cpg.rst : --sort(['`\s"=]) to --method=sort --sort-order\1
## 2014-10-31 14:41:22,978 INFO changed: tests/gtf2gff.py/tests.yaml : --sort(['`\s"=]) to --method=sort --sort-order\1
## 2014-10-31 14:41:24,427 INFO changed: tests/bam2stats.py/tests.yaml : --filename-rna(['`\s"=]) to --mask-bed-file\1
## 2014-10-31 14:41:24,437 INFO changed: tests/bam2stats.py/tests.yaml : --filename-fastq(['`\s"=]) to --fastq-file\1
## 2014-10-31 14:41:24,450 INFO changed: tests/bam2stats.py/tests.yaml : --force(['`\s"=]) to --force-output\1
## 2014-10-31 14:41:25,481 INFO changed: tests/bam2wiggle.py/tests.yaml : --span(['`\s"=]) to --wiggle-span\1
## 2014-10-31 14:41:25,482 INFO changed: tests/bam2wiggle.py/tests.yaml : --shift(['`\s"=]) to --shift-size\1
## 2014-10-31 14:41:26,548 INFO changed: tests/runGO.py/tests.yaml : --minimum-counts(['`\s"=]) to --min-counts\1
## 2014-10-31 14:41:26,568 INFO changed: tests/runGO.py/tests.yaml : --filename-gene2name(['`\s"=]) to --gene2name-map-tsv-file\1
## 2014-10-31 14:41:26,576 INFO changed: tests/runGO.py/tests.yaml : --qvalue-method(['`\s"=]) to --fdr-method\1
## 2014-10-31 14:41:27,751 INFO changed: tests/bam2geneprofile.py/tests.yaml : --bamfile(['`\s"=]) to --bam-file\1
## 2014-10-31 14:41:27,756 INFO changed: tests/bam2geneprofile.py/tests.yaml : --controlfile(['`\s"=]) to --control-bam-file\1
## 2014-10-31 14:41:27,766 INFO changed: tests/bam2geneprofile.py/tests.yaml : --shift(['`\s"=]) to --shift-size\1
## 2014-10-31 14:41:27,775 INFO changed: tests/bam2geneprofile.py/tests.yaml : --gtffile(['`\s"=]) to --gtf-file\1
## 2014-10-31 14:41:27,779 INFO changed: tests/bam2geneprofile.py/tests.yaml : --base-accuracy(['`\s"=]) to --use-base-accuracy\1
## 2014-10-31 14:41:27,781 INFO changed: tests/bam2geneprofile.py/tests.yaml : --force(['`\s"=]) to --force-output\1
## 2014-10-31 14:41:27,813 INFO changed: tests/diff_bed.py/tests.yaml : --pattern-id(['`\s"=]) to --pattern-identifier\1
## 2014-10-31 14:41:29,076 INFO changed: tests/bam_vs_bam.py/tests.yaml : --regex-id(['`\s"=]) to --regex-identifier\1
## 2014-10-31 14:41:30,196 INFO changed: tests/fastq2fastq.py/tests.yaml : --sort(['`\s"=]) to --method=sort --sort-order\1
## 2014-10-31 14:41:30,212 INFO changed: tests/fastq2fastq.py/tests.yaml : --uniq(['`\s"=]) to --unique\1
## 2014-10-31 14:41:31,549 INFO changed: tests/bed2table.py/tests.yaml : --filename-gff(['`\s"=]) to --gff-file\1
## 2014-10-31 14:41:33,132 INFO changed: tests/index_fasta.py/tests.yaml : --force(['`\s"=]) to --force-output\1
## 2014-10-31 14:41:34,249 INFO changed: tests/fastqs2fastqs.py/tests.yaml : --output-pattern(['`\s"=]) to --output-filename-pattern\1
## 2014-10-31 14:41:35,484 INFO changed: tests/fasta2kmercontent.py/tests.yaml : --kmer(['`\s"=]) to --kmer-size\1
## 2014-10-31 14:41:36,775 INFO changed: tests/diff_gtf.py/tests.yaml : --pattern-id(['`\s"=]) to --pattern-identifier\1
## 2014-10-31 14:41:38,034 INFO changed: tests/beds2beds.py/tests.yaml : --pattern-id(['`\s"=]) to --pattern-identifier\1
## 2014-10-31 14:41:39,581 INFO changed: tests/bam_vs_gtf.py/tests.yaml : --filename-gtf(['`\s"=]) to --gtf-file\1
## 2014-10-31 14:41:40,363 INFO changed: tests/bam2peakshape.py/tests.yaml : --sort(['`\s"=]) to --method=sort --sort-order\1
## 2014-10-31 14:41:40,375 INFO changed: tests/bam2peakshape.py/tests.yaml : --shift(['`\s"=]) to --shift-size\1
## 2014-10-31 14:41:40,380 INFO changed: tests/bam2peakshape.py/tests.yaml : --control-file(['`\s"=]) to --control-bam-file\1
## 2014-10-31 14:41:40,390 INFO changed: tests/bam2peakshape.py/tests.yaml : --force(['`\s"=]) to --force-output\1
## 2014-10-31 14:41:41,235 INFO changed: tests/split_gff.py/tests.yaml : --output-pattern(['`\s"=]) to --output-filename-pattern\1
## 2014-10-31 14:41:41,412 INFO changed: tests/fastqs2fasta.py/tests.yaml : --fastq2(['`\s"=]) to --second-fastq-file\1
## 2014-10-31 14:41:41,413 INFO changed: tests/fastqs2fasta.py/tests.yaml : --fastq1(['`\s"=]) to --first-fastq-file\1
## 2014-10-31 14:41:42,524 INFO files_changed=249, files_examined=2228
# job finished in 137 seconds at Fri Oct 31 14:41:42 2014 -- 103.48  1.83  0.00  0.01 -- 47a41a9c-cdf0-4b20-b791-230d5aa66780
